mode: set
github.com/vmware-tanzu/velero/pkg/buildinfo/buildinfo.go:41.31,42.29 1 1
github.com/vmware-tanzu/velero/pkg/buildinfo/buildinfo.go:45.2,45.15 1 1
github.com/vmware-tanzu/velero/pkg/buildinfo/buildinfo.go:42.29,44.3 1 1
github.com/vmware-tanzu/velero/pkg/cmd/util/flag/map.go:37.19,43.2 2 1
github.com/vmware-tanzu/velero/pkg/cmd/util/flag/map.go:49.53,52.2 2 1
github.com/vmware-tanzu/velero/pkg/cmd/util/flag/map.go:58.56,61.2 2 1
github.com/vmware-tanzu/velero/pkg/cmd/util/flag/map.go:64.31,66.27 2 0
github.com/vmware-tanzu/velero/pkg/cmd/util/flag/map.go:69.2,69.50 1 0
github.com/vmware-tanzu/velero/pkg/cmd/util/flag/map.go:66.27,68.3 1 0
github.com/vmware-tanzu/velero/pkg/cmd/util/flag/map.go:75.35,81.16 4 1
github.com/vmware-tanzu/velero/pkg/cmd/util/flag/map.go:85.2,85.29 1 1
github.com/vmware-tanzu/velero/pkg/cmd/util/flag/map.go:92.2,92.12 1 1
github.com/vmware-tanzu/velero/pkg/cmd/util/flag/map.go:81.16,83.3 1 1
github.com/vmware-tanzu/velero/pkg/cmd/util/flag/map.go:85.29,87.20 2 1
github.com/vmware-tanzu/velero/pkg/cmd/util/flag/map.go:90.3,90.26 1 1
github.com/vmware-tanzu/velero/pkg/cmd/util/flag/map.go:87.20,89.4 1 1
github.com/vmware-tanzu/velero/pkg/cmd/util/flag/map.go:97.29,99.2 1 0
github.com/vmware-tanzu/velero/pkg/cmd/util/flag/map.go:103.40,105.2 1 0
github.com/vmware-tanzu/velero/pkg/cmd/util/flag/optional_bool.go:25.55,29.2 1 0
github.com/vmware-tanzu/velero/pkg/cmd/util/flag/optional_bool.go:33.40,34.17 1 0
github.com/vmware-tanzu/velero/pkg/cmd/util/flag/optional_bool.go:35.11,36.17 1 0
github.com/vmware-tanzu/velero/pkg/cmd/util/flag/optional_bool.go:37.10,38.38 1 0
github.com/vmware-tanzu/velero/pkg/cmd/util/flag/optional_bool.go:42.46,43.15 1 0
github.com/vmware-tanzu/velero/pkg/cmd/util/flag/optional_bool.go:48.2,49.16 2 0
github.com/vmware-tanzu/velero/pkg/cmd/util/flag/optional_bool.go:53.2,55.12 2 0
github.com/vmware-tanzu/velero/pkg/cmd/util/flag/optional_bool.go:43.15,46.3 2 0
github.com/vmware-tanzu/velero/pkg/cmd/util/flag/optional_bool.go:49.16,51.3 1 0
github.com/vmware-tanzu/velero/pkg/cmd/util/flag/optional_bool.go:58.38,60.2 1 0
github.com/vmware-tanzu/velero/pkg/cmd/util/flag/accessors.go:25.72,28.2 2 0
github.com/vmware-tanzu/velero/pkg/cmd/util/flag/accessors.go:32.68,35.2 2 0
github.com/vmware-tanzu/velero/pkg/cmd/util/flag/accessors.go:39.79,41.14 2 0
github.com/vmware-tanzu/velero/pkg/cmd/util/flag/accessors.go:44.2,45.11 2 0
github.com/vmware-tanzu/velero/pkg/cmd/util/flag/accessors.go:41.14,43.3 1 0
github.com/vmware-tanzu/velero/pkg/cmd/util/flag/array.go:29.52,31.2 1 0
github.com/vmware-tanzu/velero/pkg/cmd/util/flag/array.go:35.40,37.2 1 0
github.com/vmware-tanzu/velero/pkg/cmd/util/flag/array.go:42.44,45.2 2 0
github.com/vmware-tanzu/velero/pkg/cmd/util/flag/array.go:49.38,51.2 1 0
github.com/vmware-tanzu/velero/pkg/cmd/util/flag/enum.go:34.66,39.2 1 0
github.com/vmware-tanzu/velero/pkg/cmd/util/flag/enum.go:43.32,45.2 1 0
github.com/vmware-tanzu/velero/pkg/cmd/util/flag/enum.go:50.36,51.38 1 0
github.com/vmware-tanzu/velero/pkg/cmd/util/flag/enum.go:58.2,58.46 1 0
github.com/vmware-tanzu/velero/pkg/cmd/util/flag/enum.go:51.38,52.15 1 0
github.com/vmware-tanzu/velero/pkg/cmd/util/flag/enum.go:52.15,55.4 2 0
github.com/vmware-tanzu/velero/pkg/cmd/util/flag/enum.go:63.30,68.2 1 0
github.com/vmware-tanzu/velero/pkg/cmd/util/flag/enum.go:72.41,74.2 1 0
github.com/vmware-tanzu/velero/pkg/cmd/util/flag/labelselector.go:31.42,33.2 1 0
github.com/vmware-tanzu/velero/pkg/cmd/util/flag/labelselector.go:38.46,40.16 2 0
github.com/vmware-tanzu/velero/pkg/cmd/util/flag/labelselector.go:43.2,44.12 2 0
github.com/vmware-tanzu/velero/pkg/cmd/util/flag/labelselector.go:40.16,42.3 1 0
github.com/vmware-tanzu/velero/pkg/cmd/util/flag/labelselector.go:49.40,51.2 1 0
github.com/vmware-tanzu/velero/pkg/builder/config_map_builder.go:30.54,43.2 1 0
github.com/vmware-tanzu/velero/pkg/builder/config_map_builder.go:46.58,48.2 1 0
github.com/vmware-tanzu/velero/pkg/builder/config_map_builder.go:51.80,52.27 1 0
github.com/vmware-tanzu/velero/pkg/builder/config_map_builder.go:56.2,56.10 1 0
github.com/vmware-tanzu/velero/pkg/builder/config_map_builder.go:52.27,54.3 1 0
github.com/vmware-tanzu/velero/pkg/builder/config_map_builder.go:60.67,63.2 2 0
github.com/vmware-tanzu/velero/pkg/builder/customresourcedefinition_v1beta1_builder.go:30.94,42.2 1 0
github.com/vmware-tanzu/velero/pkg/builder/customresourcedefinition_v1beta1_builder.go:45.154,48.2 2 0
github.com/vmware-tanzu/velero/pkg/builder/customresourcedefinition_v1beta1_builder.go:51.99,53.2 1 0
github.com/vmware-tanzu/velero/pkg/builder/customresourcedefinition_v1beta1_builder.go:56.124,57.27 1 0
github.com/vmware-tanzu/velero/pkg/builder/customresourcedefinition_v1beta1_builder.go:61.2,61.10 1 0
github.com/vmware-tanzu/velero/pkg/builder/customresourcedefinition_v1beta1_builder.go:57.27,59.3 1 0
github.com/vmware-tanzu/velero/pkg/builder/customresourcedefinition_v1beta1_builder.go:70.101,74.2 1 0
github.com/vmware-tanzu/velero/pkg/builder/customresourcedefinition_v1beta1_builder.go:77.168,80.2 2 0
github.com/vmware-tanzu/velero/pkg/builder/customresourcedefinition_v1beta1_builder.go:83.149,86.2 2 0
github.com/vmware-tanzu/velero/pkg/builder/customresourcedefinition_v1beta1_builder.go:89.116,91.2 1 0
github.com/vmware-tanzu/velero/pkg/builder/pod_volume_backup_builder.go:31.66,44.2 1 0
github.com/vmware-tanzu/velero/pkg/builder/pod_volume_backup_builder.go:47.72,49.2 1 0
github.com/vmware-tanzu/velero/pkg/builder/pod_volume_backup_builder.go:52.92,53.27 1 0
github.com/vmware-tanzu/velero/pkg/builder/pod_volume_backup_builder.go:57.2,57.10 1 0
github.com/vmware-tanzu/velero/pkg/builder/pod_volume_backup_builder.go:53.27,55.3 1 0
github.com/vmware-tanzu/velero/pkg/builder/pod_volume_backup_builder.go:61.104,64.2 2 0
github.com/vmware-tanzu/velero/pkg/builder/pod_volume_backup_builder.go:67.76,70.2 2 0
github.com/vmware-tanzu/velero/pkg/builder/pod_volume_backup_builder.go:73.93,76.2 2 0
github.com/vmware-tanzu/velero/pkg/builder/pod_volume_backup_builder.go:79.88,82.2 2 0
github.com/vmware-tanzu/velero/pkg/builder/pod_volume_backup_builder.go:85.79,88.2 2 0
github.com/vmware-tanzu/velero/pkg/builder/pod_volume_backup_builder.go:91.82,94.2 2 0
github.com/vmware-tanzu/velero/pkg/builder/pod_volume_backup_builder.go:97.80,100.2 2 0
github.com/vmware-tanzu/velero/pkg/builder/restore_builder.go:33.50,46.2 1 0
github.com/vmware-tanzu/velero/pkg/builder/restore_builder.go:49.56,51.2 1 0
github.com/vmware-tanzu/velero/pkg/builder/restore_builder.go:54.76,55.27 1 0
github.com/vmware-tanzu/velero/pkg/builder/restore_builder.go:59.2,59.10 1 0
github.com/vmware-tanzu/velero/pkg/builder/restore_builder.go:55.27,57.3 1 0
github.com/vmware-tanzu/velero/pkg/builder/restore_builder.go:63.62,66.2 2 0
github.com/vmware-tanzu/velero/pkg/builder/restore_builder.go:69.64,72.2 2 0
github.com/vmware-tanzu/velero/pkg/builder/restore_builder.go:75.83,78.2 2 0
github.com/vmware-tanzu/velero/pkg/builder/restore_builder.go:81.83,84.2 2 0
github.com/vmware-tanzu/velero/pkg/builder/restore_builder.go:87.81,90.2 2 0
github.com/vmware-tanzu/velero/pkg/builder/restore_builder.go:93.81,96.2 2 0
github.com/vmware-tanzu/velero/pkg/builder/restore_builder.go:99.80,102.2 2 0
github.com/vmware-tanzu/velero/pkg/builder/restore_builder.go:105.76,108.2 2 0
github.com/vmware-tanzu/velero/pkg/builder/restore_builder.go:111.88,114.2 2 0
github.com/vmware-tanzu/velero/pkg/builder/restore_builder.go:117.95,120.2 2 0
github.com/vmware-tanzu/velero/pkg/builder/restore_builder.go:123.79,124.43 1 0
github.com/vmware-tanzu/velero/pkg/builder/restore_builder.go:128.2,128.25 1 0
github.com/vmware-tanzu/velero/pkg/builder/restore_builder.go:132.2,132.39 1 0
github.com/vmware-tanzu/velero/pkg/builder/restore_builder.go:136.2,136.10 1 0
github.com/vmware-tanzu/velero/pkg/builder/restore_builder.go:124.43,126.3 1 0
github.com/vmware-tanzu/velero/pkg/builder/restore_builder.go:128.25,129.57 1 0
github.com/vmware-tanzu/velero/pkg/builder/restore_builder.go:132.39,134.3 1 0
github.com/vmware-tanzu/velero/pkg/builder/restore_builder.go:140.80,143.2 2 0
github.com/vmware-tanzu/velero/pkg/builder/restore_builder.go:146.63,149.2 2 0
github.com/vmware-tanzu/velero/pkg/builder/restore_builder.go:152.70,155.2 2 0
github.com/vmware-tanzu/velero/pkg/builder/restore_builder.go:158.72,161.2 2 0
github.com/vmware-tanzu/velero/pkg/builder/restore_builder.go:164.77,167.2 2 0
github.com/vmware-tanzu/velero/pkg/builder/schedule_builder.go:33.52,46.2 1 0
github.com/vmware-tanzu/velero/pkg/builder/schedule_builder.go:49.58,51.2 1 0
github.com/vmware-tanzu/velero/pkg/builder/schedule_builder.go:54.78,55.27 1 0
github.com/vmware-tanzu/velero/pkg/builder/schedule_builder.go:59.2,59.10 1 0
github.com/vmware-tanzu/velero/pkg/builder/schedule_builder.go:55.27,57.3 1 0
github.com/vmware-tanzu/velero/pkg/builder/schedule_builder.go:63.83,66.2 2 0
github.com/vmware-tanzu/velero/pkg/builder/schedule_builder.go:69.72,72.2 2 0
github.com/vmware-tanzu/velero/pkg/builder/schedule_builder.go:75.76,78.2 2 0
github.com/vmware-tanzu/velero/pkg/builder/schedule_builder.go:81.71,85.2 3 0
github.com/vmware-tanzu/velero/pkg/builder/schedule_builder.go:88.82,91.2 2 0
github.com/vmware-tanzu/velero/pkg/builder/server_status_request_builder.go:33.91,47.2 1 0
github.com/vmware-tanzu/velero/pkg/builder/server_status_request_builder.go:50.80,52.2 1 0
github.com/vmware-tanzu/velero/pkg/builder/server_status_request_builder.go:55.100,56.27 1 0
github.com/vmware-tanzu/velero/pkg/builder/server_status_request_builder.go:60.2,60.10 1 0
github.com/vmware-tanzu/velero/pkg/builder/server_status_request_builder.go:56.27,58.3 1 0
github.com/vmware-tanzu/velero/pkg/builder/server_status_request_builder.go:64.116,67.2 2 0
github.com/vmware-tanzu/velero/pkg/builder/server_status_request_builder.go:70.101,73.2 2 0
github.com/vmware-tanzu/velero/pkg/builder/server_status_request_builder.go:76.96,79.2 2 0
github.com/vmware-tanzu/velero/pkg/builder/server_status_request_builder.go:82.108,85.2 2 0
github.com/vmware-tanzu/velero/pkg/builder/service_account_builder.go:30.64,43.2 1 0
github.com/vmware-tanzu/velero/pkg/builder/service_account_builder.go:46.68,48.2 1 0
github.com/vmware-tanzu/velero/pkg/builder/service_account_builder.go:51.90,52.27 1 0
github.com/vmware-tanzu/velero/pkg/builder/service_account_builder.go:56.2,56.10 1 0
github.com/vmware-tanzu/velero/pkg/builder/service_account_builder.go:52.27,54.3 1 0
github.com/vmware-tanzu/velero/pkg/builder/object_meta.go:31.51,32.33 1 0
github.com/vmware-tanzu/velero/pkg/builder/object_meta.go:32.33,34.3 1 0
github.com/vmware-tanzu/velero/pkg/builder/object_meta.go:39.62,40.33 1 0
github.com/vmware-tanzu/velero/pkg/builder/object_meta.go:40.33,42.3 1 0
github.com/vmware-tanzu/velero/pkg/builder/object_meta.go:47.57,48.33 1 0
github.com/vmware-tanzu/velero/pkg/builder/object_meta.go:48.33,50.3 1 0
github.com/vmware-tanzu/velero/pkg/builder/object_meta.go:55.70,56.33 1 0
github.com/vmware-tanzu/velero/pkg/builder/object_meta.go:56.33,58.23 2 0
github.com/vmware-tanzu/velero/pkg/builder/object_meta.go:63.3,63.28 1 0
github.com/vmware-tanzu/velero/pkg/builder/object_meta.go:67.3,67.27 1 0
github.com/vmware-tanzu/velero/pkg/builder/object_meta.go:58.23,60.4 1 0
github.com/vmware-tanzu/velero/pkg/builder/object_meta.go:63.28,65.4 1 0
github.com/vmware-tanzu/velero/pkg/builder/object_meta.go:73.62,74.33 1 0
github.com/vmware-tanzu/velero/pkg/builder/object_meta.go:74.33,76.3 1 0
github.com/vmware-tanzu/velero/pkg/builder/object_meta.go:81.80,82.33 1 0
github.com/vmware-tanzu/velero/pkg/builder/object_meta.go:82.33,84.28 2 0
github.com/vmware-tanzu/velero/pkg/builder/object_meta.go:89.3,89.33 1 0
github.com/vmware-tanzu/velero/pkg/builder/object_meta.go:93.3,93.37 1 0
github.com/vmware-tanzu/velero/pkg/builder/object_meta.go:84.28,86.4 1 0
github.com/vmware-tanzu/velero/pkg/builder/object_meta.go:89.33,91.4 1 0
github.com/vmware-tanzu/velero/pkg/builder/object_meta.go:97.75,98.14 1 0
github.com/vmware-tanzu/velero/pkg/builder/object_meta.go:105.2,105.22 1 0
github.com/vmware-tanzu/velero/pkg/builder/object_meta.go:109.2,109.36 1 0
github.com/vmware-tanzu/velero/pkg/builder/object_meta.go:117.2,117.10 1 0
github.com/vmware-tanzu/velero/pkg/builder/object_meta.go:98.14,100.3 1 0
github.com/vmware-tanzu/velero/pkg/builder/object_meta.go:105.22,107.3 1 0
github.com/vmware-tanzu/velero/pkg/builder/object_meta.go:109.36,115.3 3 0
github.com/vmware-tanzu/velero/pkg/builder/object_meta.go:122.61,123.33 1 0
github.com/vmware-tanzu/velero/pkg/builder/object_meta.go:123.33,125.3 1 0
github.com/vmware-tanzu/velero/pkg/builder/object_meta.go:130.67,131.33 1 0
github.com/vmware-tanzu/velero/pkg/builder/object_meta.go:131.33,133.3 1 0
github.com/vmware-tanzu/velero/pkg/builder/object_meta.go:137.50,138.33 1 0
github.com/vmware-tanzu/velero/pkg/builder/object_meta.go:138.33,140.3 1 0
github.com/vmware-tanzu/velero/pkg/builder/object_meta.go:144.59,145.33 1 0
github.com/vmware-tanzu/velero/pkg/builder/object_meta.go:145.33,147.3 1 0
github.com/vmware-tanzu/velero/pkg/builder/persistent_volume_claim_builder.go:30.78,43.2 1 0
github.com/vmware-tanzu/velero/pkg/builder/persistent_volume_claim_builder.go:46.82,48.2 1 0
github.com/vmware-tanzu/velero/pkg/builder/persistent_volume_claim_builder.go:51.104,52.27 1 0
github.com/vmware-tanzu/velero/pkg/builder/persistent_volume_claim_builder.go:56.2,56.10 1 0
github.com/vmware-tanzu/velero/pkg/builder/persistent_volume_claim_builder.go:52.27,54.3 1 0
github.com/vmware-tanzu/velero/pkg/builder/persistent_volume_claim_builder.go:60.94,63.2 2 0
github.com/vmware-tanzu/velero/pkg/builder/persistent_volume_claim_builder.go:66.96,69.2 2 0
github.com/vmware-tanzu/velero/pkg/builder/secret_key_selector_builder.go:29.78,38.2 1 0
github.com/vmware-tanzu/velero/pkg/builder/secret_key_selector_builder.go:41.74,43.2 1 0
github.com/vmware-tanzu/velero/pkg/builder/testcr_builder.go:31.57,44.2 1 0
github.com/vmware-tanzu/velero/pkg/builder/testcr_builder.go:47.42,49.2 1 0
github.com/vmware-tanzu/velero/pkg/builder/testcr_builder.go:52.74,53.27 1 0
github.com/vmware-tanzu/velero/pkg/builder/testcr_builder.go:57.2,57.10 1 0
github.com/vmware-tanzu/velero/pkg/builder/testcr_builder.go:53.27,55.3 1 0
github.com/vmware-tanzu/velero/pkg/builder/volume_snapshot_builder.go:27.64,40.2 1 0
github.com/vmware-tanzu/velero/pkg/builder/volume_snapshot_builder.go:43.90,44.27 1 0
github.com/vmware-tanzu/velero/pkg/builder/volume_snapshot_builder.go:48.2,48.10 1 0
github.com/vmware-tanzu/velero/pkg/builder/volume_snapshot_builder.go:44.27,46.3 1 0
github.com/vmware-tanzu/velero/pkg/builder/volume_snapshot_builder.go:52.72,54.2 1 0
github.com/vmware-tanzu/velero/pkg/builder/volume_snapshot_builder.go:57.65,60.2 2 0
github.com/vmware-tanzu/velero/pkg/builder/volume_snapshot_builder.go:63.103,66.2 2 0
github.com/vmware-tanzu/velero/pkg/builder/volume_snapshot_content_builder.go:28.74,40.2 1 0
github.com/vmware-tanzu/velero/pkg/builder/volume_snapshot_content_builder.go:43.86,45.2 1 0
github.com/vmware-tanzu/velero/pkg/builder/volume_snapshot_content_builder.go:48.79,51.2 2 0
github.com/vmware-tanzu/velero/pkg/builder/volume_snapshot_content_builder.go:54.122,57.2 2 0
github.com/vmware-tanzu/velero/pkg/builder/volume_snapshot_content_builder.go:59.112,67.2 2 0
github.com/vmware-tanzu/velero/pkg/builder/storage_class_builder.go:31.56,43.2 1 0
github.com/vmware-tanzu/velero/pkg/builder/storage_class_builder.go:46.67,48.2 1 0
github.com/vmware-tanzu/velero/pkg/builder/storage_class_builder.go:51.86,52.27 1 0
github.com/vmware-tanzu/velero/pkg/builder/storage_class_builder.go:56.2,56.10 1 0
github.com/vmware-tanzu/velero/pkg/builder/storage_class_builder.go:52.27,54.3 1 0
github.com/vmware-tanzu/velero/pkg/builder/storage_class_builder.go:60.65,62.29 2 0
github.com/vmware-tanzu/velero/pkg/builder/storage_class_builder.go:75.2,77.3 1 0
github.com/vmware-tanzu/velero/pkg/builder/storage_class_builder.go:62.29,73.3 2 0
github.com/vmware-tanzu/velero/pkg/builder/storage_class_builder.go:81.74,83.2 1 0
github.com/vmware-tanzu/velero/pkg/builder/volume_builder.go:29.44,35.2 1 0
github.com/vmware-tanzu/velero/pkg/builder/volume_builder.go:38.52,40.2 1 0
github.com/vmware-tanzu/velero/pkg/builder/volume_builder.go:43.86,48.2 2 0
github.com/vmware-tanzu/velero/pkg/builder/volume_builder.go:51.65,56.2 2 0
github.com/vmware-tanzu/velero/pkg/builder/node_selector_builder.go:11.79,17.2 1 0
github.com/vmware-tanzu/velero/pkg/builder/node_selector_builder.go:20.64,22.2 1 0
github.com/vmware-tanzu/velero/pkg/builder/node_selector_builder.go:30.60,37.2 1 0
github.com/vmware-tanzu/velero/pkg/builder/node_selector_builder.go:40.123,48.2 3 0
github.com/vmware-tanzu/velero/pkg/builder/node_selector_builder.go:51.118,59.2 3 0
github.com/vmware-tanzu/velero/pkg/builder/node_selector_builder.go:62.74,64.2 1 0
github.com/vmware-tanzu/velero/pkg/builder/volume_snapshot_location_builder.go:31.80,44.2 1 0
github.com/vmware-tanzu/velero/pkg/builder/volume_snapshot_location_builder.go:47.86,49.2 1 0
github.com/vmware-tanzu/velero/pkg/builder/volume_snapshot_location_builder.go:52.106,53.27 1 0
github.com/vmware-tanzu/velero/pkg/builder/volume_snapshot_location_builder.go:57.2,57.10 1 0
github.com/vmware-tanzu/velero/pkg/builder/volume_snapshot_location_builder.go:53.27,55.3 1 0
github.com/vmware-tanzu/velero/pkg/builder/volume_snapshot_location_builder.go:61.94,64.2 2 0
github.com/vmware-tanzu/velero/pkg/builder/pod_builder.go:30.42,43.2 1 0
github.com/vmware-tanzu/velero/pkg/builder/pod_builder.go:46.46,48.2 1 0
github.com/vmware-tanzu/velero/pkg/builder/pod_builder.go:51.68,52.27 1 0
github.com/vmware-tanzu/velero/pkg/builder/pod_builder.go:56.2,56.10 1 0
github.com/vmware-tanzu/velero/pkg/builder/pod_builder.go:52.27,54.3 1 0
github.com/vmware-tanzu/velero/pkg/builder/pod_builder.go:60.60,63.2 2 0
github.com/vmware-tanzu/velero/pkg/builder/pod_builder.go:66.72,67.28 1 0
github.com/vmware-tanzu/velero/pkg/builder/pod_builder.go:70.2,70.10 1 0
github.com/vmware-tanzu/velero/pkg/builder/pod_builder.go:67.28,69.3 1 0
github.com/vmware-tanzu/velero/pkg/builder/pod_builder.go:74.55,77.2 2 0
github.com/vmware-tanzu/velero/pkg/builder/pod_builder.go:79.85,80.31 1 0
github.com/vmware-tanzu/velero/pkg/builder/pod_builder.go:83.2,83.10 1 0
github.com/vmware-tanzu/velero/pkg/builder/pod_builder.go:80.31,82.3 1 0
github.com/vmware-tanzu/velero/pkg/builder/pod_builder.go:86.81,87.31 1 0
github.com/vmware-tanzu/velero/pkg/builder/pod_builder.go:90.2,90.10 1 0
github.com/vmware-tanzu/velero/pkg/builder/pod_builder.go:87.31,89.3 1 0
github.com/vmware-tanzu/velero/pkg/builder/pod_builder.go:93.101,94.38 1 0
github.com/vmware-tanzu/velero/pkg/builder/pod_builder.go:97.2,97.10 1 0
github.com/vmware-tanzu/velero/pkg/builder/pod_builder.go:94.38,96.3 1 0
github.com/vmware-tanzu/velero/pkg/builder/role_builder.go:30.44,43.2 1 0
github.com/vmware-tanzu/velero/pkg/builder/role_builder.go:46.48,48.2 1 0
github.com/vmware-tanzu/velero/pkg/builder/role_builder.go:51.70,52.27 1 0
github.com/vmware-tanzu/velero/pkg/builder/role_builder.go:56.2,56.10 1 0
github.com/vmware-tanzu/velero/pkg/builder/role_builder.go:52.27,54.3 1 0
github.com/vmware-tanzu/velero/pkg/builder/service_builder.go:30.50,43.2 1 0
github.com/vmware-tanzu/velero/pkg/builder/service_builder.go:46.54,48.2 1 0
github.com/vmware-tanzu/velero/pkg/builder/service_builder.go:51.76,52.27 1 0
github.com/vmware-tanzu/velero/pkg/builder/service_builder.go:56.2,56.10 1 0
github.com/vmware-tanzu/velero/pkg/builder/service_builder.go:52.27,54.3 1 0
github.com/vmware-tanzu/velero/pkg/builder/v1_customresourcedefinition_builder.go:30.84,42.2 1 0
github.com/vmware-tanzu/velero/pkg/builder/v1_customresourcedefinition_builder.go:45.139,48.2 2 0
github.com/vmware-tanzu/velero/pkg/builder/v1_customresourcedefinition_builder.go:51.134,54.2 2 0
github.com/vmware-tanzu/velero/pkg/builder/v1_customresourcedefinition_builder.go:57.117,60.2 2 0
github.com/vmware-tanzu/velero/pkg/builder/v1_customresourcedefinition_builder.go:63.89,65.2 1 0
github.com/vmware-tanzu/velero/pkg/builder/v1_customresourcedefinition_builder.go:68.114,69.27 1 0
github.com/vmware-tanzu/velero/pkg/builder/v1_customresourcedefinition_builder.go:73.2,73.10 1 0
github.com/vmware-tanzu/velero/pkg/builder/v1_customresourcedefinition_builder.go:69.27,71.3 1 0
github.com/vmware-tanzu/velero/pkg/builder/v1_customresourcedefinition_builder.go:82.91,86.2 1 0
github.com/vmware-tanzu/velero/pkg/builder/v1_customresourcedefinition_builder.go:89.153,92.2 2 0
github.com/vmware-tanzu/velero/pkg/builder/v1_customresourcedefinition_builder.go:95.134,98.2 2 0
github.com/vmware-tanzu/velero/pkg/builder/v1_customresourcedefinition_builder.go:101.106,103.2 1 0
github.com/vmware-tanzu/velero/pkg/builder/v1_customresourcedefinition_builder.go:111.98,115.2 1 0
github.com/vmware-tanzu/velero/pkg/builder/v1_customresourcedefinition_builder.go:118.109,121.2 2 0
github.com/vmware-tanzu/velero/pkg/builder/v1_customresourcedefinition_builder.go:124.110,127.2 2 0
github.com/vmware-tanzu/velero/pkg/builder/v1_customresourcedefinition_builder.go:129.130,130.28 1 0
github.com/vmware-tanzu/velero/pkg/builder/v1_customresourcedefinition_builder.go:133.2,134.10 2 0
github.com/vmware-tanzu/velero/pkg/builder/v1_customresourcedefinition_builder.go:130.28,132.3 1 0
github.com/vmware-tanzu/velero/pkg/builder/v1_customresourcedefinition_builder.go:138.102,140.2 1 0
github.com/vmware-tanzu/velero/pkg/builder/volume_mount_builder.go:29.65,36.2 1 0
github.com/vmware-tanzu/velero/pkg/builder/volume_mount_builder.go:39.62,41.2 1 0
github.com/vmware-tanzu/velero/pkg/builder/backup_storage_location_builder.go:34.78,47.2 1 0
github.com/vmware-tanzu/velero/pkg/builder/backup_storage_location_builder.go:50.84,52.2 1 0
github.com/vmware-tanzu/velero/pkg/builder/backup_storage_location_builder.go:55.104,56.27 1 0
github.com/vmware-tanzu/velero/pkg/builder/backup_storage_location_builder.go:60.2,60.10 1 0
github.com/vmware-tanzu/velero/pkg/builder/backup_storage_location_builder.go:56.27,58.3 1 0
github.com/vmware-tanzu/velero/pkg/builder/backup_storage_location_builder.go:64.92,67.2 2 0
github.com/vmware-tanzu/velero/pkg/builder/backup_storage_location_builder.go:70.89,71.52 1 0
github.com/vmware-tanzu/velero/pkg/builder/backup_storage_location_builder.go:74.2,75.10 2 0
github.com/vmware-tanzu/velero/pkg/builder/backup_storage_location_builder.go:71.52,73.3 1 0
github.com/vmware-tanzu/velero/pkg/builder/backup_storage_location_builder.go:79.89,80.52 1 0
github.com/vmware-tanzu/velero/pkg/builder/backup_storage_location_builder.go:83.2,84.10 2 0
github.com/vmware-tanzu/velero/pkg/builder/backup_storage_location_builder.go:80.52,82.3 1 0
github.com/vmware-tanzu/velero/pkg/builder/backup_storage_location_builder.go:88.89,89.52 1 0
github.com/vmware-tanzu/velero/pkg/builder/backup_storage_location_builder.go:92.2,93.10 2 0
github.com/vmware-tanzu/velero/pkg/builder/backup_storage_location_builder.go:89.52,91.3 1 0
github.com/vmware-tanzu/velero/pkg/builder/backup_storage_location_builder.go:97.94,100.2 2 0
github.com/vmware-tanzu/velero/pkg/builder/backup_storage_location_builder.go:103.137,106.2 2 0
github.com/vmware-tanzu/velero/pkg/builder/backup_storage_location_builder.go:109.115,112.2 2 0
github.com/vmware-tanzu/velero/pkg/builder/backup_storage_location_builder.go:115.114,118.2 2 0
github.com/vmware-tanzu/velero/pkg/builder/backup_storage_location_builder.go:121.122,124.2 2 0
github.com/vmware-tanzu/velero/pkg/builder/backup_storage_location_builder.go:127.120,130.2 2 0
github.com/vmware-tanzu/velero/pkg/builder/download_request_builder.go:31.66,44.2 1 0
github.com/vmware-tanzu/velero/pkg/builder/download_request_builder.go:47.72,49.2 1 0
github.com/vmware-tanzu/velero/pkg/builder/download_request_builder.go:52.104,55.2 2 0
github.com/vmware-tanzu/velero/pkg/builder/download_request_builder.go:58.127,62.2 3 0
github.com/vmware-tanzu/velero/pkg/builder/persistent_volume_builder.go:30.64,42.2 1 0
github.com/vmware-tanzu/velero/pkg/builder/persistent_volume_builder.go:45.72,47.2 1 0
github.com/vmware-tanzu/velero/pkg/builder/persistent_volume_builder.go:50.94,51.27 1 0
github.com/vmware-tanzu/velero/pkg/builder/persistent_volume_builder.go:55.2,55.10 1 0
github.com/vmware-tanzu/velero/pkg/builder/persistent_volume_builder.go:51.27,53.3 1 0
github.com/vmware-tanzu/velero/pkg/builder/persistent_volume_builder.go:59.122,62.2 2 0
github.com/vmware-tanzu/velero/pkg/builder/persistent_volume_builder.go:65.86,71.2 2 0
github.com/vmware-tanzu/velero/pkg/builder/persistent_volume_builder.go:74.92,75.47 1 0
github.com/vmware-tanzu/velero/pkg/builder/persistent_volume_builder.go:78.2,79.10 2 0
github.com/vmware-tanzu/velero/pkg/builder/persistent_volume_builder.go:75.47,77.3 1 0
github.com/vmware-tanzu/velero/pkg/builder/persistent_volume_builder.go:83.93,84.30 1 0
github.com/vmware-tanzu/velero/pkg/builder/persistent_volume_builder.go:87.2,89.10 3 0
github.com/vmware-tanzu/velero/pkg/builder/persistent_volume_builder.go:84.30,86.3 1 0
github.com/vmware-tanzu/velero/pkg/builder/persistent_volume_builder.go:93.86,96.2 2 0
github.com/vmware-tanzu/velero/pkg/builder/persistent_volume_builder.go:99.110,104.2 2 0
github.com/vmware-tanzu/velero/pkg/builder/secret_builder.go:30.48,43.2 1 0
github.com/vmware-tanzu/velero/pkg/builder/secret_builder.go:46.52,48.2 1 0
github.com/vmware-tanzu/velero/pkg/builder/secret_builder.go:51.74,52.27 1 0
github.com/vmware-tanzu/velero/pkg/builder/secret_builder.go:56.2,56.10 1 0
github.com/vmware-tanzu/velero/pkg/builder/secret_builder.go:52.27,54.3 1 0
github.com/vmware-tanzu/velero/pkg/builder/secret_builder.go:60.69,63.2 2 0
github.com/vmware-tanzu/velero/pkg/builder/statefulset_builder.go:31.58,47.2 1 0
github.com/vmware-tanzu/velero/pkg/builder/statefulset_builder.go:50.59,52.2 1 0
github.com/vmware-tanzu/velero/pkg/builder/statefulset_builder.go:55.80,56.29 1 0
github.com/vmware-tanzu/velero/pkg/builder/statefulset_builder.go:61.2,61.10 1 0
github.com/vmware-tanzu/velero/pkg/builder/statefulset_builder.go:56.29,60.3 2 0
github.com/vmware-tanzu/velero/pkg/builder/backup_builder.go:53.48,66.2 1 0
github.com/vmware-tanzu/velero/pkg/builder/backup_builder.go:69.54,71.2 1 0
github.com/vmware-tanzu/velero/pkg/builder/backup_builder.go:74.74,75.27 1 0
github.com/vmware-tanzu/velero/pkg/builder/backup_builder.go:79.2,79.10 1 0
github.com/vmware-tanzu/velero/pkg/builder/backup_builder.go:75.27,77.3 1 0
github.com/vmware-tanzu/velero/pkg/builder/backup_builder.go:83.85,88.51 2 0
github.com/vmware-tanzu/velero/pkg/builder/backup_builder.go:102.2,102.19 1 0
github.com/vmware-tanzu/velero/pkg/builder/backup_builder.go:105.2,110.33 4 0
github.com/vmware-tanzu/velero/pkg/builder/backup_builder.go:114.2,114.67 1 0
github.com/vmware-tanzu/velero/pkg/builder/backup_builder.go:126.2,126.10 1 0
github.com/vmware-tanzu/velero/pkg/builder/backup_builder.go:88.51,95.3 3 0
github.com/vmware-tanzu/velero/pkg/builder/backup_builder.go:95.8,101.3 2 0
github.com/vmware-tanzu/velero/pkg/builder/backup_builder.go:102.19,104.3 1 0
github.com/vmware-tanzu/velero/pkg/builder/backup_builder.go:110.33,112.3 1 0
github.com/vmware-tanzu/velero/pkg/builder/backup_builder.go:114.67,124.3 1 0
github.com/vmware-tanzu/velero/pkg/builder/backup_builder.go:130.81,133.2 2 0
github.com/vmware-tanzu/velero/pkg/builder/backup_builder.go:136.81,139.2 2 0
github.com/vmware-tanzu/velero/pkg/builder/backup_builder.go:142.79,145.2 2 0
github.com/vmware-tanzu/velero/pkg/builder/backup_builder.go:148.79,151.2 2 0
github.com/vmware-tanzu/velero/pkg/builder/backup_builder.go:154.74,157.2 2 0
github.com/vmware-tanzu/velero/pkg/builder/backup_builder.go:160.86,163.2 2 0
github.com/vmware-tanzu/velero/pkg/builder/backup_builder.go:166.93,169.2 2 0
github.com/vmware-tanzu/velero/pkg/builder/backup_builder.go:172.66,175.2 2 0
github.com/vmware-tanzu/velero/pkg/builder/backup_builder.go:178.73,181.2 2 0
github.com/vmware-tanzu/velero/pkg/builder/backup_builder.go:184.77,187.2 2 0
github.com/vmware-tanzu/velero/pkg/builder/backup_builder.go:190.73,193.2 2 0
github.com/vmware-tanzu/velero/pkg/builder/backup_builder.go:196.85,199.2 2 0
github.com/vmware-tanzu/velero/pkg/builder/backup_builder.go:202.63,205.2 2 0
github.com/vmware-tanzu/velero/pkg/builder/backup_builder.go:208.66,211.2 2 0
github.com/vmware-tanzu/velero/pkg/builder/backup_builder.go:214.70,217.2 2 0
github.com/vmware-tanzu/velero/pkg/builder/backup_builder.go:220.75,223.2 2 0
github.com/vmware-tanzu/velero/pkg/builder/backup_builder.go:226.77,229.2 2 0
github.com/vmware-tanzu/velero/pkg/builder/backup_builder.go:232.83,235.2 2 0
github.com/vmware-tanzu/velero/pkg/builder/backup_builder.go:238.82,241.2 2 0
github.com/vmware-tanzu/velero/pkg/builder/deployment_builder.go:30.56,43.2 1 0
github.com/vmware-tanzu/velero/pkg/builder/deployment_builder.go:46.60,48.2 1 0
github.com/vmware-tanzu/velero/pkg/builder/deployment_builder.go:51.82,52.27 1 0
github.com/vmware-tanzu/velero/pkg/builder/deployment_builder.go:56.2,56.10 1 0
github.com/vmware-tanzu/velero/pkg/builder/deployment_builder.go:52.27,54.3 1 0
github.com/vmware-tanzu/velero/pkg/builder/namespace_builder.go:30.50,42.2 1 0
github.com/vmware-tanzu/velero/pkg/builder/namespace_builder.go:45.58,47.2 1 0
github.com/vmware-tanzu/velero/pkg/builder/namespace_builder.go:50.80,51.27 1 0
github.com/vmware-tanzu/velero/pkg/builder/namespace_builder.go:55.2,55.10 1 0
github.com/vmware-tanzu/velero/pkg/builder/namespace_builder.go:51.27,53.3 1 0
github.com/vmware-tanzu/velero/pkg/builder/namespace_builder.go:59.82,62.2 2 0
github.com/vmware-tanzu/velero/pkg/builder/container_builder.go:31.57,38.2 1 0
github.com/vmware-tanzu/velero/pkg/builder/container_builder.go:41.90,44.2 2 0
github.com/vmware-tanzu/velero/pkg/builder/container_builder.go:49.35,52.21 3 1
github.com/vmware-tanzu/velero/pkg/builder/container_builder.go:56.2,57.39 2 1
github.com/vmware-tanzu/velero/pkg/builder/container_builder.go:66.2,68.17 3 1
github.com/vmware-tanzu/velero/pkg/builder/container_builder.go:81.2,84.37 2 1
github.com/vmware-tanzu/velero/pkg/builder/container_builder.go:52.21,54.3 1 1
github.com/vmware-tanzu/velero/pkg/builder/container_builder.go:57.39,61.3 1 1
github.com/vmware-tanzu/velero/pkg/builder/container_builder.go:68.17,70.3 1 1
github.com/vmware-tanzu/velero/pkg/builder/container_builder.go:70.8,72.21 2 1
github.com/vmware-tanzu/velero/pkg/builder/container_builder.go:72.21,74.4 1 1
github.com/vmware-tanzu/velero/pkg/builder/container_builder.go:88.58,90.2 1 0
github.com/vmware-tanzu/velero/pkg/builder/container_builder.go:93.67,96.2 2 0
github.com/vmware-tanzu/velero/pkg/builder/container_builder.go:99.99,100.33 1 0
github.com/vmware-tanzu/velero/pkg/builder/container_builder.go:103.2,103.10 1 0
github.com/vmware-tanzu/velero/pkg/builder/container_builder.go:100.33,102.3 1 0
github.com/vmware-tanzu/velero/pkg/builder/container_builder.go:107.99,110.2 2 0
github.com/vmware-tanzu/velero/pkg/builder/container_builder.go:113.106,116.2 2 0
github.com/vmware-tanzu/velero/pkg/builder/container_builder.go:118.77,119.25 1 0
github.com/vmware-tanzu/velero/pkg/builder/container_builder.go:122.2,122.10 1 0
github.com/vmware-tanzu/velero/pkg/builder/container_builder.go:119.25,121.3 1 0
github.com/vmware-tanzu/velero/pkg/builder/container_builder.go:125.90,128.2 2 0
github.com/vmware-tanzu/velero/pkg/builder/container_builder.go:130.72,131.29 1 0
github.com/vmware-tanzu/velero/pkg/builder/container_builder.go:135.2,137.10 2 0
github.com/vmware-tanzu/velero/pkg/builder/container_builder.go:131.29,133.3 1 0
github.com/vmware-tanzu/velero/pkg/builder/json_schema_props_builder.go:28.58,32.2 1 0
github.com/vmware-tanzu/velero/pkg/builder/json_schema_props_builder.go:35.77,38.2 2 0
github.com/vmware-tanzu/velero/pkg/builder/json_schema_props_builder.go:41.69,43.2 1 0
github.com/vmware-tanzu/velero/pkg/builder/node_builder.go:30.40,42.2 1 0
github.com/vmware-tanzu/velero/pkg/builder/node_builder.go:45.48,47.2 1 0
github.com/vmware-tanzu/velero/pkg/cmd/cli/backup/backup.go:25.50,42.2 3 0
github.com/vmware-tanzu/velero/pkg/cmd/cli/backup/create.go:44.68,51.46 2 0
github.com/vmware-tanzu/velero/pkg/cmd/cli/backup/create.go:75.2,81.10 6 0
github.com/vmware-tanzu/velero/pkg/cmd/cli/backup/create.go:51.46,55.4 3 0
github.com/vmware-tanzu/velero/pkg/cmd/cli/backup/create.go:106.40,113.2 1 1
github.com/vmware-tanzu/velero/pkg/cmd/cli/backup/create.go:115.57,137.2 17 0
github.com/vmware-tanzu/velero/pkg/cmd/cli/backup/create.go:141.56,143.2 1 0
github.com/vmware-tanzu/velero/pkg/cmd/cli/backup/create.go:147.64,149.2 1 0
github.com/vmware-tanzu/velero/pkg/cmd/cli/backup/create.go:151.91,152.48 1 0
github.com/vmware-tanzu/velero/pkg/cmd/cli/backup/create.go:156.2,157.16 2 0
github.com/vmware-tanzu/velero/pkg/cmd/cli/backup/create.go:162.2,162.44 1 0
github.com/vmware-tanzu/velero/pkg/cmd/cli/backup/create.go:166.2,167.19 2 0
github.com/vmware-tanzu/velero/pkg/cmd/cli/backup/create.go:171.2,171.29 1 0
github.com/vmware-tanzu/velero/pkg/cmd/cli/backup/create.go:181.2,181.42 1 0
github.com/vmware-tanzu/velero/pkg/cmd/cli/backup/create.go:187.2,187.12 1 0
github.com/vmware-tanzu/velero/pkg/cmd/cli/backup/create.go:152.48,154.3 1 0
github.com/vmware-tanzu/velero/pkg/cmd/cli/backup/create.go:157.16,159.3 1 0
github.com/vmware-tanzu/velero/pkg/cmd/cli/backup/create.go:162.44,164.3 1 0
github.com/vmware-tanzu/velero/pkg/cmd/cli/backup/create.go:167.19,169.3 1 0
github.com/vmware-tanzu/velero/pkg/cmd/cli/backup/create.go:171.29,176.28 2 0
github.com/vmware-tanzu/velero/pkg/cmd/cli/backup/create.go:176.28,178.4 1 0
github.com/vmware-tanzu/velero/pkg/cmd/cli/backup/create.go:181.42,182.133 1 0
github.com/vmware-tanzu/velero/pkg/cmd/cli/backup/create.go:182.133,184.4 1 0
github.com/vmware-tanzu/velero/pkg/cmd/cli/backup/create.go:190.73,192.19 1 0
github.com/vmware-tanzu/velero/pkg/cmd/cli/backup/create.go:195.2,196.16 2 0
github.com/vmware-tanzu/velero/pkg/cmd/cli/backup/create.go:199.2,200.12 2 0
github.com/vmware-tanzu/velero/pkg/cmd/cli/backup/create.go:192.19,194.3 1 0
github.com/vmware-tanzu/velero/pkg/cmd/cli/backup/create.go:196.16,198.3 1 0
github.com/vmware-tanzu/velero/pkg/cmd/cli/backup/create.go:203.71,205.16 2 0
github.com/vmware-tanzu/velero/pkg/cmd/cli/backup/create.go:209.2,209.78 1 0
github.com/vmware-tanzu/velero/pkg/cmd/cli/backup/create.go:213.2,213.26 1 0
github.com/vmware-tanzu/velero/pkg/cmd/cli/backup/create.go:217.2,219.12 3 0
github.com/vmware-tanzu/velero/pkg/cmd/cli/backup/create.go:257.2,258.16 2 0
github.com/vmware-tanzu/velero/pkg/cmd/cli/backup/create.go:262.2,263.12 2 0
github.com/vmware-tanzu/velero/pkg/cmd/cli/backup/create.go:288.2,290.12 2 0
github.com/vmware-tanzu/velero/pkg/cmd/cli/backup/create.go:205.16,207.3 1 0
github.com/vmware-tanzu/velero/pkg/cmd/cli/backup/create.go:209.78,211.3 1 0
github.com/vmware-tanzu/velero/pkg/cmd/cli/backup/create.go:213.26,215.3 1 0
github.com/vmware-tanzu/velero/pkg/cmd/cli/backup/create.go:219.12,229.44 5 0
github.com/vmware-tanzu/velero/pkg/cmd/cli/backup/create.go:254.3,254.30 1 0
github.com/vmware-tanzu/velero/pkg/cmd/cli/backup/create.go:229.44,231.13 2 0
github.com/vmware-tanzu/velero/pkg/cmd/cli/backup/create.go:234.6,234.34 1 0
github.com/vmware-tanzu/velero/pkg/cmd/cli/backup/create.go:231.13,233.7 1 0
github.com/vmware-tanzu/velero/pkg/cmd/cli/backup/create.go:237.43,239.14 2 0
github.com/vmware-tanzu/velero/pkg/cmd/cli/backup/create.go:242.7,242.24 1 0
github.com/vmware-tanzu/velero/pkg/cmd/cli/backup/create.go:239.14,241.8 1 0
github.com/vmware-tanzu/velero/pkg/cmd/cli/backup/create.go:244.40,246.14 2 0
github.com/vmware-tanzu/velero/pkg/cmd/cli/backup/create.go:249.7,249.24 1 0
github.com/vmware-tanzu/velero/pkg/cmd/cli/backup/create.go:246.14,248.8 1 0
github.com/vmware-tanzu/velero/pkg/cmd/cli/backup/create.go:258.16,260.3 1 0
github.com/vmware-tanzu/velero/pkg/cmd/cli/backup/create.go:263.12,268.7 4 0
github.com/vmware-tanzu/velero/pkg/cmd/cli/backup/create.go:268.7,269.11 1 0
github.com/vmware-tanzu/velero/pkg/cmd/cli/backup/create.go:270.20,271.19 1 0
github.com/vmware-tanzu/velero/pkg/cmd/cli/backup/create.go:272.33,273.12 1 0
github.com/vmware-tanzu/velero/pkg/cmd/cli/backup/create.go:278.5,278.118 1 0
github.com/vmware-tanzu/velero/pkg/cmd/cli/backup/create.go:273.12,276.6 2 0
github.com/vmware-tanzu/velero/pkg/cmd/cli/backup/create.go:278.118,281.6 2 0
github.com/vmware-tanzu/velero/pkg/cmd/cli/backup/create.go:297.75,299.23 2 1
github.com/vmware-tanzu/velero/pkg/cmd/cli/backup/create.go:302.2,303.32 2 1
github.com/vmware-tanzu/velero/pkg/cmd/cli/backup/create.go:312.2,312.30 1 1
github.com/vmware-tanzu/velero/pkg/cmd/cli/backup/create.go:299.23,301.3 1 0
github.com/vmware-tanzu/velero/pkg/cmd/cli/backup/create.go:303.32,305.19 2 1
github.com/vmware-tanzu/velero/pkg/cmd/cli/backup/create.go:308.3,310.33 3 1
github.com/vmware-tanzu/velero/pkg/cmd/cli/backup/create.go:305.19,307.4 1 1
github.com/vmware-tanzu/velero/pkg/cmd/cli/backup/create.go:315.84,318.26 2 1
github.com/vmware-tanzu/velero/pkg/cmd/cli/backup/create.go:358.2,359.20 2 1
github.com/vmware-tanzu/velero/pkg/cmd/cli/backup/create.go:318.26,320.17 2 1
github.com/vmware-tanzu/velero/pkg/cmd/cli/backup/create.go:323.3,323.19 1 1
github.com/vmware-tanzu/velero/pkg/cmd/cli/backup/create.go:326.3,327.26 1 1
github.com/vmware-tanzu/velero/pkg/cmd/cli/backup/create.go:320.17,322.4 1 1
github.com/vmware-tanzu/velero/pkg/cmd/cli/backup/create.go:323.19,325.4 1 1
github.com/vmware-tanzu/velero/pkg/cmd/cli/backup/create.go:328.8,339.34 2 1
github.com/vmware-tanzu/velero/pkg/cmd/cli/backup/create.go:347.3,347.37 1 1
github.com/vmware-tanzu/velero/pkg/cmd/cli/backup/create.go:350.3,350.45 1 1
github.com/vmware-tanzu/velero/pkg/cmd/cli/backup/create.go:353.3,353.44 1 1
github.com/vmware-tanzu/velero/pkg/cmd/cli/backup/create.go:339.34,341.18 2 1
github.com/vmware-tanzu/velero/pkg/cmd/cli/backup/create.go:344.4,344.42 1 1
github.com/vmware-tanzu/velero/pkg/cmd/cli/backup/create.go:341.18,343.5 1 0
github.com/vmware-tanzu/velero/pkg/cmd/cli/backup/create.go:347.37,349.4 1 0
github.com/vmware-tanzu/velero/pkg/cmd/cli/backup/create.go:350.45,352.4 1 0
github.com/vmware-tanzu/velero/pkg/cmd/cli/backup/create.go:353.44,355.4 1 0
github.com/vmware-tanzu/velero/pkg/cmd/cli/backup/delete.go:37.68,57.46 2 0
github.com/vmware-tanzu/velero/pkg/cmd/cli/backup/delete.go:64.2,66.10 2 0
github.com/vmware-tanzu/velero/pkg/cmd/cli/backup/delete.go:57.46,61.4 3 0
github.com/vmware-tanzu/velero/pkg/cmd/cli/backup/delete.go:70.38,71.42 1 0
github.com/vmware-tanzu/velero/pkg/cmd/cli/backup/delete.go:76.2,82.9 2 0
github.com/vmware-tanzu/velero/pkg/cmd/cli/backup/delete.go:108.2,108.23 1 0
github.com/vmware-tanzu/velero/pkg/cmd/cli/backup/delete.go:114.2,114.28 1 0
github.com/vmware-tanzu/velero/pkg/cmd/cli/backup/delete.go:125.2,125.36 1 0
github.com/vmware-tanzu/velero/pkg/cmd/cli/backup/delete.go:71.42,74.3 1 0
github.com/vmware-tanzu/velero/pkg/cmd/cli/backup/delete.go:83.24,84.32 1 0
github.com/vmware-tanzu/velero/pkg/cmd/cli/backup/delete.go:93.10,95.38 2 0
github.com/vmware-tanzu/velero/pkg/cmd/cli/backup/delete.go:99.3,100.17 2 0
github.com/vmware-tanzu/velero/pkg/cmd/cli/backup/delete.go:103.3,103.28 1 0
github.com/vmware-tanzu/velero/pkg/cmd/cli/backup/delete.go:84.32,86.18 2 0
github.com/vmware-tanzu/velero/pkg/cmd/cli/backup/delete.go:91.4,91.37 1 0
github.com/vmware-tanzu/velero/pkg/cmd/cli/backup/delete.go:86.18,88.13 2 0
github.com/vmware-tanzu/velero/pkg/cmd/cli/backup/delete.go:95.38,97.4 1 0
github.com/vmware-tanzu/velero/pkg/cmd/cli/backup/delete.go:100.17,102.4 1 0
github.com/vmware-tanzu/velero/pkg/cmd/cli/backup/delete.go:103.28,105.4 1 0
github.com/vmware-tanzu/velero/pkg/cmd/cli/backup/delete.go:108.23,111.3 2 0
github.com/vmware-tanzu/velero/pkg/cmd/cli/backup/delete.go:114.28,117.144 2 0
github.com/vmware-tanzu/velero/pkg/cmd/cli/backup/delete.go:122.3,122.192 1 0
github.com/vmware-tanzu/velero/pkg/cmd/cli/backup/delete.go:117.144,119.12 2 0
github.com/vmware-tanzu/velero/pkg/cmd/cli/backup/describe.go:39.70,47.16 3 0
github.com/vmware-tanzu/velero/pkg/cmd/cli/backup/describe.go:50.2,55.46 2 0
github.com/vmware-tanzu/velero/pkg/cmd/cli/backup/describe.go:117.2,121.10 5 0
github.com/vmware-tanzu/velero/pkg/cmd/cli/backup/describe.go:47.16,49.3 1 0
github.com/vmware-tanzu/velero/pkg/cmd/cli/backup/describe.go:55.46,63.21 6 0
github.com/vmware-tanzu/velero/pkg/cmd/cli/backup/describe.go:75.4,76.41 2 0
github.com/vmware-tanzu/velero/pkg/cmd/cli/backup/describe.go:113.4,113.23 1 0
github.com/vmware-tanzu/velero/pkg/cmd/cli/backup/describe.go:63.21,65.31 2 0
github.com/vmware-tanzu/velero/pkg/cmd/cli/backup/describe.go:65.31,69.6 3 0
github.com/vmware-tanzu/velero/pkg/cmd/cli/backup/describe.go:70.10,73.5 2 0
github.com/vmware-tanzu/velero/pkg/cmd/cli/backup/describe.go:76.41,79.19 3 0
github.com/vmware-tanzu/velero/pkg/cmd/cli/backup/describe.go:83.5,85.19 3 0
github.com/vmware-tanzu/velero/pkg/cmd/cli/backup/describe.go:89.5,92.55 3 0
github.com/vmware-tanzu/velero/pkg/cmd/cli/backup/describe.go:105.5,106.14 2 0
github.com/vmware-tanzu/velero/pkg/cmd/cli/backup/describe.go:79.19,81.6 1 0
github.com/vmware-tanzu/velero/pkg/cmd/cli/backup/describe.go:85.19,87.6 1 0
github.com/vmware-tanzu/velero/pkg/cmd/cli/backup/describe.go:92.55,100.20 6 0
github.com/vmware-tanzu/velero/pkg/cmd/cli/backup/describe.go:100.20,102.7 1 0
github.com/vmware-tanzu/velero/pkg/cmd/cli/backup/describe.go:106.14,109.6 2 0
github.com/vmware-tanzu/velero/pkg/cmd/cli/backup/describe.go:109.11,111.6 1 0
github.com/vmware-tanzu/velero/pkg/cmd/cli/backup/download.go:37.58,39.16 2 0
github.com/vmware-tanzu/velero/pkg/cmd/cli/backup/download.go:42.2,50.46 3 0
github.com/vmware-tanzu/velero/pkg/cmd/cli/backup/download.go:57.2,59.10 2 0
github.com/vmware-tanzu/velero/pkg/cmd/cli/backup/download.go:39.16,41.3 1 0
github.com/vmware-tanzu/velero/pkg/cmd/cli/backup/download.go:50.46,54.4 3 0
github.com/vmware-tanzu/velero/pkg/cmd/cli/backup/download.go:72.44,76.2 1 0
github.com/vmware-tanzu/velero/pkg/cmd/cli/backup/download.go:78.59,85.2 5 0
github.com/vmware-tanzu/velero/pkg/cmd/cli/backup/download.go:87.93,91.123 3 0
github.com/vmware-tanzu/velero/pkg/cmd/cli/backup/download.go:95.2,95.12 1 0
github.com/vmware-tanzu/velero/pkg/cmd/cli/backup/download.go:91.123,93.3 1 0
github.com/vmware-tanzu/velero/pkg/cmd/cli/backup/download.go:98.57,102.13 3 0
github.com/vmware-tanzu/velero/pkg/cmd/cli/backup/download.go:106.2,106.20 1 0
github.com/vmware-tanzu/velero/pkg/cmd/cli/backup/download.go:114.2,114.12 1 0
github.com/vmware-tanzu/velero/pkg/cmd/cli/backup/download.go:102.13,104.3 1 0
github.com/vmware-tanzu/velero/pkg/cmd/cli/backup/download.go:106.20,108.17 2 0
github.com/vmware-tanzu/velero/pkg/cmd/cli/backup/download.go:111.3,111.72 1 0
github.com/vmware-tanzu/velero/pkg/cmd/cli/backup/download.go:108.17,110.4 1 0
github.com/vmware-tanzu/velero/pkg/cmd/cli/backup/download.go:117.73,122.16 4 0
github.com/vmware-tanzu/velero/pkg/cmd/cli/backup/download.go:125.2,128.16 3 0
github.com/vmware-tanzu/velero/pkg/cmd/cli/backup/download.go:133.2,134.12 2 0
github.com/vmware-tanzu/velero/pkg/cmd/cli/backup/download.go:122.16,124.3 1 0
github.com/vmware-tanzu/velero/pkg/cmd/cli/backup/download.go:128.16,131.3 2 0
github.com/vmware-tanzu/velero/pkg/cmd/cli/backup/get.go:31.65,37.46 2 0
github.com/vmware-tanzu/velero/pkg/cmd/cli/backup/get.go:62.2,66.10 3 0
github.com/vmware-tanzu/velero/pkg/cmd/cli/backup/get.go:37.46,45.21 6 0
github.com/vmware-tanzu/velero/pkg/cmd/cli/backup/get.go:57.4,58.23 2 0
github.com/vmware-tanzu/velero/pkg/cmd/cli/backup/get.go:45.21,47.31 2 0
github.com/vmware-tanzu/velero/pkg/cmd/cli/backup/get.go:47.31,51.6 3 0
github.com/vmware-tanzu/velero/pkg/cmd/cli/backup/get.go:52.10,55.5 2 0
github.com/vmware-tanzu/velero/pkg/cmd/cli/backup/logs.go:35.54,37.16 2 0
github.com/vmware-tanzu/velero/pkg/cmd/cli/backup/logs.go:41.2,49.46 4 0
github.com/vmware-tanzu/velero/pkg/cmd/cli/backup/logs.go:78.2,81.10 4 0
github.com/vmware-tanzu/velero/pkg/cmd/cli/backup/logs.go:37.16,39.3 1 0
github.com/vmware-tanzu/velero/pkg/cmd/cli/backup/logs.go:49.46,59.33 7 0
github.com/vmware-tanzu/velero/pkg/cmd/cli/backup/logs.go:65.4,65.31 1 0
github.com/vmware-tanzu/velero/pkg/cmd/cli/backup/logs.go:73.4,74.23 2 0
github.com/vmware-tanzu/velero/pkg/cmd/cli/backup/logs.go:59.33,61.5 1 0
github.com/vmware-tanzu/velero/pkg/cmd/cli/backup/logs.go:61.10,61.25 1 0
github.com/vmware-tanzu/velero/pkg/cmd/cli/backup/logs.go:61.25,63.5 1 0
github.com/vmware-tanzu/velero/pkg/cmd/cli/backup/logs.go:66.113,66.113 0 0
github.com/vmware-tanzu/velero/pkg/cmd/cli/backup/logs.go:68.12,70.87 1 0
github.com/vmware-tanzu/velero/pkg/cmd/cli/backuplocation/delete.go:39.68,59.46 2 0
github.com/vmware-tanzu/velero/pkg/cmd/cli/backuplocation/delete.go:66.2,67.10 2 0
github.com/vmware-tanzu/velero/pkg/cmd/cli/backuplocation/delete.go:59.46,63.4 3 0
github.com/vmware-tanzu/velero/pkg/cmd/cli/backuplocation/delete.go:71.56,72.42 1 0
github.com/vmware-tanzu/velero/pkg/cmd/cli/backuplocation/delete.go:77.2,82.9 5 0
github.com/vmware-tanzu/velero/pkg/cmd/cli/backuplocation/delete.go:112.2,112.31 1 0
github.com/vmware-tanzu/velero/pkg/cmd/cli/backuplocation/delete.go:118.2,118.43 1 0
github.com/vmware-tanzu/velero/pkg/cmd/cli/backuplocation/delete.go:142.2,142.36 1 0
github.com/vmware-tanzu/velero/pkg/cmd/cli/backuplocation/delete.go:72.42,75.3 1 0
github.com/vmware-tanzu/velero/pkg/cmd/cli/backuplocation/delete.go:83.24,84.32 1 0
github.com/vmware-tanzu/velero/pkg/cmd/cli/backuplocation/delete.go:97.10,99.38 2 0
github.com/vmware-tanzu/velero/pkg/cmd/cli/backuplocation/delete.go:103.3,107.17 2 0
github.com/vmware-tanzu/velero/pkg/cmd/cli/backuplocation/delete.go:84.32,90.18 3 0
github.com/vmware-tanzu/velero/pkg/cmd/cli/backuplocation/delete.go:95.4,95.56 1 0
github.com/vmware-tanzu/velero/pkg/cmd/cli/backuplocation/delete.go:90.18,92.13 2 0
github.com/vmware-tanzu/velero/pkg/cmd/cli/backuplocation/delete.go:99.38,101.4 1 0
github.com/vmware-tanzu/velero/pkg/cmd/cli/backuplocation/delete.go:107.17,109.4 1 0
github.com/vmware-tanzu/velero/pkg/cmd/cli/backuplocation/delete.go:112.31,115.3 2 0
github.com/vmware-tanzu/velero/pkg/cmd/cli/backuplocation/delete.go:118.43,119.111 1 0
github.com/vmware-tanzu/velero/pkg/cmd/cli/backuplocation/delete.go:123.3,127.17 3 0
github.com/vmware-tanzu/velero/pkg/cmd/cli/backuplocation/delete.go:134.3,135.17 2 0
github.com/vmware-tanzu/velero/pkg/cmd/cli/backuplocation/delete.go:119.111,121.12 2 0
github.com/vmware-tanzu/velero/pkg/cmd/cli/backuplocation/delete.go:127.17,129.4 1 0
github.com/vmware-tanzu/velero/pkg/cmd/cli/backuplocation/delete.go:129.9,129.82 1 0
github.com/vmware-tanzu/velero/pkg/cmd/cli/backuplocation/delete.go:129.82,131.4 1 0
github.com/vmware-tanzu/velero/pkg/cmd/cli/backuplocation/delete.go:135.17,137.4 1 0
github.com/vmware-tanzu/velero/pkg/cmd/cli/backuplocation/delete.go:137.9,137.90 1 0
github.com/vmware-tanzu/velero/pkg/cmd/cli/backuplocation/delete.go:137.90,139.4 1 0
github.com/vmware-tanzu/velero/pkg/cmd/cli/backuplocation/delete.go:145.104,152.2 3 0
github.com/vmware-tanzu/velero/pkg/cmd/cli/backuplocation/delete.go:154.118,161.2 3 0
github.com/vmware-tanzu/velero/pkg/cmd/cli/backuplocation/delete.go:163.84,165.39 2 0
github.com/vmware-tanzu/velero/pkg/cmd/cli/backuplocation/delete.go:172.2,172.13 1 0
github.com/vmware-tanzu/velero/pkg/cmd/cli/backuplocation/delete.go:165.39,166.107 1 0
github.com/vmware-tanzu/velero/pkg/cmd/cli/backuplocation/delete.go:170.3,170.94 1 0
github.com/vmware-tanzu/velero/pkg/cmd/cli/backuplocation/delete.go:166.107,168.12 2 0
github.com/vmware-tanzu/velero/pkg/cmd/cli/backuplocation/delete.go:175.96,177.35 2 0
github.com/vmware-tanzu/velero/pkg/cmd/cli/backuplocation/delete.go:184.2,184.13 1 0
github.com/vmware-tanzu/velero/pkg/cmd/cli/backuplocation/delete.go:177.35,178.105 1 0
github.com/vmware-tanzu/velero/pkg/cmd/cli/backuplocation/delete.go:182.3,182.103 1 0
github.com/vmware-tanzu/velero/pkg/cmd/cli/backuplocation/delete.go:178.105,180.12 2 0
github.com/vmware-tanzu/velero/pkg/cmd/cli/backuplocation/get.go:33.65,40.46 3 0
github.com/vmware-tanzu/velero/pkg/cmd/cli/backuplocation/get.go:92.2,97.10 4 0
github.com/vmware-tanzu/velero/pkg/cmd/cli/backuplocation/get.go:40.46,48.21 6 0
github.com/vmware-tanzu/velero/pkg/cmd/cli/backuplocation/get.go:87.4,88.23 2 0
github.com/vmware-tanzu/velero/pkg/cmd/cli/backuplocation/get.go:48.21,49.31 1 0
github.com/vmware-tanzu/velero/pkg/cmd/cli/backuplocation/get.go:49.31,57.25 4 0
github.com/vmware-tanzu/velero/pkg/cmd/cli/backuplocation/get.go:57.25,58.32 1 0
github.com/vmware-tanzu/velero/pkg/cmd/cli/backuplocation/get.go:58.32,60.13 2 0
github.com/vmware-tanzu/velero/pkg/cmd/cli/backuplocation/get.go:62.12,64.7 1 0
github.com/vmware-tanzu/velero/pkg/cmd/cli/backuplocation/get.go:66.10,73.24 3 0
github.com/vmware-tanzu/velero/pkg/cmd/cli/backuplocation/get.go:73.24,74.48 1 0
github.com/vmware-tanzu/velero/pkg/cmd/cli/backuplocation/get.go:74.48,75.42 1 0
github.com/vmware-tanzu/velero/pkg/cmd/cli/backuplocation/get.go:78.7,78.38 1 0
github.com/vmware-tanzu/velero/pkg/cmd/cli/backuplocation/get.go:82.7,82.65 1 0
github.com/vmware-tanzu/velero/pkg/cmd/cli/backuplocation/get.go:75.42,76.16 1 0
github.com/vmware-tanzu/velero/pkg/cmd/cli/backuplocation/get.go:78.38,81.8 2 0
github.com/vmware-tanzu/velero/pkg/cmd/cli/backuplocation/set.go:38.65,45.46 2 0
github.com/vmware-tanzu/velero/pkg/cmd/cli/backuplocation/set.go:52.2,54.10 2 0
github.com/vmware-tanzu/velero/pkg/cmd/cli/backuplocation/set.go:45.46,49.4 3 0
github.com/vmware-tanzu/velero/pkg/cmd/cli/backuplocation/set.go:64.34,68.2 1 0
github.com/vmware-tanzu/velero/pkg/cmd/cli/backuplocation/set.go:70.54,74.2 3 0
github.com/vmware-tanzu/velero/pkg/cmd/cli/backuplocation/set.go:76.88,77.34 1 0
github.com/vmware-tanzu/velero/pkg/cmd/cli/backuplocation/set.go:81.2,81.12 1 0
github.com/vmware-tanzu/velero/pkg/cmd/cli/backuplocation/set.go:77.34,79.3 1 0
github.com/vmware-tanzu/velero/pkg/cmd/cli/backuplocation/set.go:84.70,87.2 2 0
github.com/vmware-tanzu/velero/pkg/cmd/cli/backuplocation/set.go:89.68,91.16 2 0
github.com/vmware-tanzu/velero/pkg/cmd/cli/backuplocation/set.go:95.2,96.24 2 0
github.com/vmware-tanzu/velero/pkg/cmd/cli/backuplocation/set.go:107.2,112.16 3 0
github.com/vmware-tanzu/velero/pkg/cmd/cli/backuplocation/set.go:116.2,116.36 1 0
github.com/vmware-tanzu/velero/pkg/cmd/cli/backuplocation/set.go:139.2,142.45 3 0
github.com/vmware-tanzu/velero/pkg/cmd/cli/backuplocation/set.go:147.2,147.99 1 0
github.com/vmware-tanzu/velero/pkg/cmd/cli/backuplocation/set.go:151.2,152.12 2 0
github.com/vmware-tanzu/velero/pkg/cmd/cli/backuplocation/set.go:91.16,93.3 1 0
github.com/vmware-tanzu/velero/pkg/cmd/cli/backuplocation/set.go:96.24,98.17 2 0
github.com/vmware-tanzu/velero/pkg/cmd/cli/backuplocation/set.go:101.3,102.17 2 0
github.com/vmware-tanzu/velero/pkg/cmd/cli/backuplocation/set.go:98.17,100.4 1 0
github.com/vmware-tanzu/velero/pkg/cmd/cli/backuplocation/set.go:102.17,104.4 1 0
github.com/vmware-tanzu/velero/pkg/cmd/cli/backuplocation/set.go:112.16,114.3 1 0
github.com/vmware-tanzu/velero/pkg/cmd/cli/backuplocation/set.go:116.36,120.121 2 0
github.com/vmware-tanzu/velero/pkg/cmd/cli/backuplocation/set.go:123.3,123.44 1 0
github.com/vmware-tanzu/velero/pkg/cmd/cli/backuplocation/set.go:120.121,122.4 1 0
github.com/vmware-tanzu/velero/pkg/cmd/cli/backuplocation/set.go:123.44,124.30 1 0
github.com/vmware-tanzu/velero/pkg/cmd/cli/backuplocation/set.go:127.4,127.31 1 0
github.com/vmware-tanzu/velero/pkg/cmd/cli/backuplocation/set.go:131.4,132.112 2 0
github.com/vmware-tanzu/velero/pkg/cmd/cli/backuplocation/set.go:135.4,135.9 1 0
github.com/vmware-tanzu/velero/pkg/cmd/cli/backuplocation/set.go:124.30,125.13 1 0
github.com/vmware-tanzu/velero/pkg/cmd/cli/backuplocation/set.go:127.31,129.10 1 0
github.com/vmware-tanzu/velero/pkg/cmd/cli/backuplocation/set.go:132.112,134.5 1 0
github.com/vmware-tanzu/velero/pkg/cmd/cli/backuplocation/set.go:142.45,144.8 2 0
github.com/vmware-tanzu/velero/pkg/cmd/cli/backuplocation/set.go:147.99,149.3 1 0
github.com/vmware-tanzu/velero/pkg/cmd/cli/backuplocation/backup_location.go:25.50,40.2 3 0
github.com/vmware-tanzu/velero/pkg/cmd/cli/backuplocation/create.go:42.68,49.46 2 0
github.com/vmware-tanzu/velero/pkg/cmd/cli/backuplocation/create.go:56.2,60.10 4 0
github.com/vmware-tanzu/velero/pkg/cmd/cli/backuplocation/create.go:49.46,53.4 3 0
github.com/vmware-tanzu/velero/pkg/cmd/cli/backuplocation/create.go:77.40,88.2 1 1
github.com/vmware-tanzu/velero/pkg/cmd/cli/backuplocation/create.go:90.57,106.2 11 0
github.com/vmware-tanzu/velero/pkg/cmd/cli/backuplocation/create.go:108.91,109.48 1 0
github.com/vmware-tanzu/velero/pkg/cmd/cli/backuplocation/create.go:113.2,113.22 1 0
github.com/vmware-tanzu/velero/pkg/cmd/cli/backuplocation/create.go:117.2,117.20 1 0
github.com/vmware-tanzu/velero/pkg/cmd/cli/backuplocation/create.go:121.2,121.28 1 0
github.com/vmware-tanzu/velero/pkg/cmd/cli/backuplocation/create.go:125.2,125.34 1 0
github.com/vmware-tanzu/velero/pkg/cmd/cli/backuplocation/create.go:129.2,129.12 1 0
github.com/vmware-tanzu/velero/pkg/cmd/cli/backuplocation/create.go:109.48,111.3 1 0
github.com/vmware-tanzu/velero/pkg/cmd/cli/backuplocation/create.go:113.22,115.3 1 0
github.com/vmware-tanzu/velero/pkg/cmd/cli/backuplocation/create.go:117.20,119.3 1 0
github.com/vmware-tanzu/velero/pkg/cmd/cli/backuplocation/create.go:121.28,123.3 1 0
github.com/vmware-tanzu/velero/pkg/cmd/cli/backuplocation/create.go:125.34,127.3 1 0
github.com/vmware-tanzu/velero/pkg/cmd/cli/backuplocation/create.go:132.73,135.2 2 0
github.com/vmware-tanzu/velero/pkg/cmd/cli/backuplocation/create.go:137.164,139.24 2 1
github.com/vmware-tanzu/velero/pkg/cmd/cli/backuplocation/create.go:150.2,171.25 2 1
github.com/vmware-tanzu/velero/pkg/cmd/cli/backuplocation/create.go:175.2,175.28 1 1
github.com/vmware-tanzu/velero/pkg/cmd/cli/backuplocation/create.go:179.2,179.57 1 1
github.com/vmware-tanzu/velero/pkg/cmd/cli/backuplocation/create.go:184.2,184.35 1 1
github.com/vmware-tanzu/velero/pkg/cmd/cli/backuplocation/create.go:139.24,141.17 2 0
github.com/vmware-tanzu/velero/pkg/cmd/cli/backuplocation/create.go:144.3,145.17 2 0
github.com/vmware-tanzu/velero/pkg/cmd/cli/backuplocation/create.go:141.17,143.4 1 0
github.com/vmware-tanzu/velero/pkg/cmd/cli/backuplocation/create.go:145.17,147.4 1 0
github.com/vmware-tanzu/velero/pkg/cmd/cli/backuplocation/create.go:171.25,173.3 1 1
github.com/vmware-tanzu/velero/pkg/cmd/cli/backuplocation/create.go:175.28,177.3 1 1
github.com/vmware-tanzu/velero/pkg/cmd/cli/backuplocation/create.go:179.57,181.8 2 1
github.com/vmware-tanzu/velero/pkg/cmd/cli/backuplocation/create.go:187.71,192.16 4 0
github.com/vmware-tanzu/velero/pkg/cmd/cli/backuplocation/create.go:196.2,196.93 1 0
github.com/vmware-tanzu/velero/pkg/cmd/cli/backuplocation/create.go:200.2,201.16 2 0
github.com/vmware-tanzu/velero/pkg/cmd/cli/backuplocation/create.go:205.2,205.36 1 0
github.com/vmware-tanzu/velero/pkg/cmd/cli/backuplocation/create.go:223.2,223.112 1 0
github.com/vmware-tanzu/velero/pkg/cmd/cli/backuplocation/create.go:227.2,228.12 2 0
github.com/vmware-tanzu/velero/pkg/cmd/cli/backuplocation/create.go:192.16,194.3 1 0
github.com/vmware-tanzu/velero/pkg/cmd/cli/backuplocation/create.go:196.93,198.3 1 0
github.com/vmware-tanzu/velero/pkg/cmd/cli/backuplocation/create.go:201.16,203.3 1 0
github.com/vmware-tanzu/velero/pkg/cmd/cli/backuplocation/create.go:205.36,209.121 2 0
github.com/vmware-tanzu/velero/pkg/cmd/cli/backuplocation/create.go:212.3,212.44 1 0
github.com/vmware-tanzu/velero/pkg/cmd/cli/backuplocation/create.go:209.121,211.4 1 0
github.com/vmware-tanzu/velero/pkg/cmd/cli/backuplocation/create.go:212.44,213.29 1 0
github.com/vmware-tanzu/velero/pkg/cmd/cli/backuplocation/create.go:213.29,215.113 2 0
github.com/vmware-tanzu/velero/pkg/cmd/cli/backuplocation/create.go:218.5,218.10 1 0
github.com/vmware-tanzu/velero/pkg/cmd/cli/backuplocation/create.go:215.113,217.6 1 0
github.com/vmware-tanzu/velero/pkg/cmd/cli/backuplocation/create.go:223.112,225.3 1 0
github.com/vmware-tanzu/velero/pkg/cmd/cli/version/version.go:36.50,43.46 3 0
github.com/vmware-tanzu/velero/pkg/cmd/cli/version/version.go:62.2,65.10 3 0
github.com/vmware-tanzu/velero/pkg/cmd/cli/version/version.go:43.46,45.19 2 0
github.com/vmware-tanzu/velero/pkg/cmd/cli/version/version.go:51.4,58.69 4 0
github.com/vmware-tanzu/velero/pkg/cmd/cli/version/version.go:45.19,49.5 3 0
github.com/vmware-tanzu/velero/pkg/cmd/cli/version/version.go:68.127,73.16 4 1
github.com/vmware-tanzu/velero/pkg/cmd/cli/version/version.go:77.2,78.16 2 1
github.com/vmware-tanzu/velero/pkg/cmd/cli/version/version.go:83.2,88.31 5 1
github.com/vmware-tanzu/velero/pkg/cmd/cli/version/version.go:73.16,75.3 1 1
github.com/vmware-tanzu/velero/pkg/cmd/cli/version/version.go:78.16,81.3 2 1
github.com/vmware-tanzu/velero/pkg/cmd/cli/version/version.go:88.31,91.15 3 0
github.com/vmware-tanzu/velero/pkg/cmd/cli/version/version.go:94.3,94.113 1 0
github.com/vmware-tanzu/velero/pkg/cmd/cli/version/version.go:91.15,93.4 1 0
github.com/vmware-tanzu/velero/pkg/client/dynamic.go:44.72,46.2 1 0
github.com/vmware-tanzu/velero/pkg/client/dynamic.go:48.144,52.2 1 0
github.com/vmware-tanzu/velero/pkg/client/dynamic.go:115.108,117.2 1 0
github.com/vmware-tanzu/velero/pkg/client/dynamic.go:119.106,121.2 1 0
github.com/vmware-tanzu/velero/pkg/client/dynamic.go:123.92,125.2 1 0
github.com/vmware-tanzu/velero/pkg/client/dynamic.go:127.110,129.2 1 0
github.com/vmware-tanzu/velero/pkg/client/dynamic.go:131.101,133.2 1 0
github.com/vmware-tanzu/velero/pkg/client/dynamic.go:135.86,137.2 1 0
github.com/vmware-tanzu/velero/pkg/client/dynamic.go:139.141,141.2 1 0
github.com/vmware-tanzu/velero/pkg/client/factory.go:80.63,87.30 3 1
github.com/vmware-tanzu/velero/pkg/client/factory.go:93.2,93.23 1 1
github.com/vmware-tanzu/velero/pkg/client/factory.go:97.2,101.10 4 1
github.com/vmware-tanzu/velero/pkg/client/factory.go:87.30,89.3 1 0
github.com/vmware-tanzu/velero/pkg/client/factory.go:93.23,95.3 1 1
github.com/vmware-tanzu/velero/pkg/client/factory.go:104.51,106.2 1 1
github.com/vmware-tanzu/velero/pkg/client/factory.go:108.56,110.2 1 0
github.com/vmware-tanzu/velero/pkg/client/factory.go:112.57,114.16 2 0
github.com/vmware-tanzu/velero/pkg/client/factory.go:118.2,119.16 2 0
github.com/vmware-tanzu/velero/pkg/client/factory.go:122.2,122.26 1 0
github.com/vmware-tanzu/velero/pkg/client/factory.go:114.16,116.3 1 0
github.com/vmware-tanzu/velero/pkg/client/factory.go:119.16,121.3 1 0
github.com/vmware-tanzu/velero/pkg/client/factory.go:125.62,127.16 2 0
github.com/vmware-tanzu/velero/pkg/client/factory.go:131.2,132.16 2 0
github.com/vmware-tanzu/velero/pkg/client/factory.go:135.2,135.24 1 0
github.com/vmware-tanzu/velero/pkg/client/factory.go:127.16,129.3 1 0
github.com/vmware-tanzu/velero/pkg/client/factory.go:132.16,134.3 1 0
github.com/vmware-tanzu/velero/pkg/client/factory.go:138.62,140.16 2 0
github.com/vmware-tanzu/velero/pkg/client/factory.go:143.2,144.16 2 0
github.com/vmware-tanzu/velero/pkg/client/factory.go:147.2,147.27 1 0
github.com/vmware-tanzu/velero/pkg/client/factory.go:140.16,142.3 1 0
github.com/vmware-tanzu/velero/pkg/client/factory.go:144.16,146.3 1 0
github.com/vmware-tanzu/velero/pkg/client/factory.go:150.64,152.16 2 0
github.com/vmware-tanzu/velero/pkg/client/factory.go:156.2,165.16 7 0
github.com/vmware-tanzu/velero/pkg/client/factory.go:169.2,169.31 1 0
github.com/vmware-tanzu/velero/pkg/client/factory.go:152.16,154.3 1 0
github.com/vmware-tanzu/velero/pkg/client/factory.go:165.16,167.3 1 0
github.com/vmware-tanzu/velero/pkg/client/factory.go:172.44,174.2 1 0
github.com/vmware-tanzu/velero/pkg/client/factory.go:176.45,178.2 1 0
github.com/vmware-tanzu/velero/pkg/client/factory.go:180.45,182.2 1 0
github.com/vmware-tanzu/velero/pkg/client/factory.go:184.38,186.2 1 1
github.com/vmware-tanzu/velero/pkg/client/client.go:32.101,39.16 6 0
github.com/vmware-tanzu/velero/pkg/client/client.go:43.2,43.15 1 0
github.com/vmware-tanzu/velero/pkg/client/client.go:46.2,46.15 1 0
github.com/vmware-tanzu/velero/pkg/client/client.go:50.2,58.26 2 0
github.com/vmware-tanzu/velero/pkg/client/client.go:39.16,41.3 1 0
github.com/vmware-tanzu/velero/pkg/client/client.go:43.15,45.3 1 0
github.com/vmware-tanzu/velero/pkg/client/client.go:46.15,48.3 1 0
github.com/vmware-tanzu/velero/pkg/client/client.go:62.77,65.2 1 1
github.com/vmware-tanzu/velero/pkg/client/config.go:42.41,46.24 3 0
github.com/vmware-tanzu/velero/pkg/client/config.go:50.2,50.16 1 0
github.com/vmware-tanzu/velero/pkg/client/config.go:55.2,56.16 2 0
github.com/vmware-tanzu/velero/pkg/client/config.go:59.2,62.68 3 0
github.com/vmware-tanzu/velero/pkg/client/config.go:66.2,66.20 1 0
github.com/vmware-tanzu/velero/pkg/client/config.go:46.24,49.3 1 0
github.com/vmware-tanzu/velero/pkg/client/config.go:50.16,53.3 1 0
github.com/vmware-tanzu/velero/pkg/client/config.go:56.16,58.3 1 0
github.com/vmware-tanzu/velero/pkg/client/config.go:62.68,64.3 1 0
github.com/vmware-tanzu/velero/pkg/client/config.go:70.44,75.47 3 0
github.com/vmware-tanzu/velero/pkg/client/config.go:79.2,80.16 2 0
github.com/vmware-tanzu/velero/pkg/client/config.go:83.2,85.52 2 0
github.com/vmware-tanzu/velero/pkg/client/config.go:75.47,77.3 1 0
github.com/vmware-tanzu/velero/pkg/client/config.go:80.16,82.3 1 0
github.com/vmware-tanzu/velero/pkg/client/config.go:88.42,90.9 2 1
github.com/vmware-tanzu/velero/pkg/client/config.go:94.2,95.9 2 1
github.com/vmware-tanzu/velero/pkg/client/config.go:99.2,99.11 1 1
github.com/vmware-tanzu/velero/pkg/client/config.go:90.9,92.3 1 1
github.com/vmware-tanzu/velero/pkg/client/config.go:95.9,97.3 1 0
github.com/vmware-tanzu/velero/pkg/client/config.go:102.43,104.9 2 1
github.com/vmware-tanzu/velero/pkg/client/config.go:108.2,109.9 2 1
github.com/vmware-tanzu/velero/pkg/client/config.go:113.2,113.37 1 1
github.com/vmware-tanzu/velero/pkg/client/config.go:104.9,106.3 1 0
github.com/vmware-tanzu/velero/pkg/client/config.go:109.9,111.3 1 0
github.com/vmware-tanzu/velero/pkg/client/config.go:116.40,118.9 2 1
github.com/vmware-tanzu/velero/pkg/client/config.go:122.2,123.9 2 0
github.com/vmware-tanzu/velero/pkg/client/config.go:127.2,128.16 2 0
github.com/vmware-tanzu/velero/pkg/client/config.go:132.2,132.18 1 0
github.com/vmware-tanzu/velero/pkg/client/config.go:118.9,120.3 1 1
github.com/vmware-tanzu/velero/pkg/client/config.go:123.9,125.3 1 0
github.com/vmware-tanzu/velero/pkg/client/config.go:128.16,130.3 1 0
github.com/vmware-tanzu/velero/pkg/client/config.go:136.43,138.9 2 0
github.com/vmware-tanzu/velero/pkg/client/config.go:141.2,142.9 2 0
github.com/vmware-tanzu/velero/pkg/client/config.go:146.2,146.19 1 0
github.com/vmware-tanzu/velero/pkg/client/config.go:138.9,140.3 1 0
github.com/vmware-tanzu/velero/pkg/client/config.go:142.9,144.3 1 0
github.com/vmware-tanzu/velero/pkg/client/config.go:149.30,151.2 1 0
github.com/vmware-tanzu/velero/pkg/cmd/util/output/describe.go:36.45,47.2 5 0
github.com/vmware-tanzu/velero/pkg/cmd/util/output/describe.go:49.61,52.2 2 0
github.com/vmware-tanzu/velero/pkg/cmd/util/output/describe.go:54.50,57.2 2 0
github.com/vmware-tanzu/velero/pkg/cmd/util/output/describe.go:60.66,65.2 4 0
github.com/vmware-tanzu/velero/pkg/cmd/util/output/describe.go:68.67,73.16 4 0
github.com/vmware-tanzu/velero/pkg/cmd/util/output/describe.go:73.16,75.22 2 0
github.com/vmware-tanzu/velero/pkg/cmd/util/output/describe.go:78.3,79.28 2 0
github.com/vmware-tanzu/velero/pkg/cmd/util/output/describe.go:75.22,77.4 1 0
github.com/vmware-tanzu/velero/pkg/cmd/util/output/describe.go:79.28,81.13 2 0
github.com/vmware-tanzu/velero/pkg/cmd/util/output/describe.go:81.13,84.5 2 0
github.com/vmware-tanzu/velero/pkg/cmd/util/output/describe.go:86.8,88.3 1 0
github.com/vmware-tanzu/velero/pkg/cmd/util/output/describe.go:93.75,99.16 5 0
github.com/vmware-tanzu/velero/pkg/cmd/util/output/describe.go:99.16,100.23 1 0
github.com/vmware-tanzu/velero/pkg/cmd/util/output/describe.go:100.23,102.13 2 0
github.com/vmware-tanzu/velero/pkg/cmd/util/output/describe.go:102.13,105.5 2 0
github.com/vmware-tanzu/velero/pkg/cmd/util/output/describe.go:107.8,109.3 1 0
github.com/vmware-tanzu/velero/pkg/cmd/util/output/describe.go:113.83,114.14 1 0
github.com/vmware-tanzu/velero/pkg/cmd/util/output/describe.go:117.2,117.8 1 0
github.com/vmware-tanzu/velero/pkg/cmd/util/output/describe.go:120.2,120.20 1 0
github.com/vmware-tanzu/velero/pkg/cmd/util/output/describe.go:114.14,116.3 1 0
github.com/vmware-tanzu/velero/pkg/cmd/util/output/describe.go:117.8,119.3 1 0
github.com/vmware-tanzu/velero/pkg/cmd/util/output/output.go:44.38,49.2 4 0
github.com/vmware-tanzu/velero/pkg/cmd/util/output/output.go:52.44,54.2 1 0
github.com/vmware-tanzu/velero/pkg/cmd/util/output/output.go:58.49,60.14 2 0
github.com/vmware-tanzu/velero/pkg/cmd/util/output/output.go:63.2,64.17 2 0
github.com/vmware-tanzu/velero/pkg/cmd/util/output/output.go:60.14,62.3 1 0
github.com/vmware-tanzu/velero/pkg/cmd/util/output/output.go:69.52,71.2 1 0
github.com/vmware-tanzu/velero/pkg/cmd/util/output/output.go:75.57,77.2 1 0
github.com/vmware-tanzu/velero/pkg/cmd/util/output/output.go:81.50,83.2 1 0
github.com/vmware-tanzu/velero/pkg/cmd/util/output/output.go:87.46,88.48 1 0
github.com/vmware-tanzu/velero/pkg/cmd/util/output/output.go:91.2,91.12 1 0
github.com/vmware-tanzu/velero/pkg/cmd/util/output/output.go:88.48,90.3 1 0
github.com/vmware-tanzu/velero/pkg/cmd/util/output/output.go:94.51,96.16 2 0
github.com/vmware-tanzu/velero/pkg/cmd/util/output/output.go:105.2,105.12 1 0
github.com/vmware-tanzu/velero/pkg/cmd/util/output/output.go:97.26,97.26 0 0
github.com/vmware-tanzu/velero/pkg/cmd/util/output/output.go:98.15,99.30 1 0
github.com/vmware-tanzu/velero/pkg/cmd/util/output/output.go:102.10,103.106 1 0
github.com/vmware-tanzu/velero/pkg/cmd/util/output/output.go:99.30,101.4 1 0
github.com/vmware-tanzu/velero/pkg/cmd/util/output/output.go:110.74,112.18 2 0
github.com/vmware-tanzu/velero/pkg/cmd/util/output/output.go:116.2,116.16 1 0
github.com/vmware-tanzu/velero/pkg/cmd/util/output/output.go:123.2,123.115 1 0
github.com/vmware-tanzu/velero/pkg/cmd/util/output/output.go:112.18,114.3 1 0
github.com/vmware-tanzu/velero/pkg/cmd/util/output/output.go:117.15,118.28 1 0
github.com/vmware-tanzu/velero/pkg/cmd/util/output/output.go:119.22,120.35 1 0
github.com/vmware-tanzu/velero/pkg/cmd/util/output/output.go:126.68,130.26 2 0
github.com/vmware-tanzu/velero/pkg/cmd/util/output/output.go:138.2,139.16 2 0
github.com/vmware-tanzu/velero/pkg/cmd/util/output/output.go:143.2,145.18 2 0
github.com/vmware-tanzu/velero/pkg/cmd/util/output/output.go:130.26,132.21 2 0
github.com/vmware-tanzu/velero/pkg/cmd/util/output/output.go:132.21,135.4 1 0
github.com/vmware-tanzu/velero/pkg/cmd/util/output/output.go:139.16,141.3 1 0
github.com/vmware-tanzu/velero/pkg/cmd/util/output/output.go:148.71,152.20 2 0
github.com/vmware-tanzu/velero/pkg/cmd/util/output/output.go:222.2,222.18 1 0
github.com/vmware-tanzu/velero/pkg/cmd/util/output/output.go:227.2,228.16 2 0
github.com/vmware-tanzu/velero/pkg/cmd/util/output/output.go:232.2,233.16 2 0
github.com/vmware-tanzu/velero/pkg/cmd/util/output/output.go:237.2,237.18 1 0
github.com/vmware-tanzu/velero/pkg/cmd/util/output/output.go:153.27,157.4 1 0
github.com/vmware-tanzu/velero/pkg/cmd/util/output/output.go:158.31,162.4 1 0
github.com/vmware-tanzu/velero/pkg/cmd/util/output/output.go:163.28,167.4 1 0
github.com/vmware-tanzu/velero/pkg/cmd/util/output/output.go:168.32,172.4 1 0
github.com/vmware-tanzu/velero/pkg/cmd/util/output/output.go:173.29,177.4 1 0
github.com/vmware-tanzu/velero/pkg/cmd/util/output/output.go:178.33,182.4 1 0
github.com/vmware-tanzu/velero/pkg/cmd/util/output/output.go:183.37,187.4 1 0
github.com/vmware-tanzu/velero/pkg/cmd/util/output/output.go:188.41,192.4 1 0
github.com/vmware-tanzu/velero/pkg/cmd/util/output/output.go:193.42,197.4 1 0
github.com/vmware-tanzu/velero/pkg/cmd/util/output/output.go:198.46,202.4 1 0
github.com/vmware-tanzu/velero/pkg/cmd/util/output/output.go:203.43,207.4 1 0
github.com/vmware-tanzu/velero/pkg/cmd/util/output/output.go:208.47,212.4 1 0
github.com/vmware-tanzu/velero/pkg/cmd/util/output/output.go:213.40,217.4 1 0
github.com/vmware-tanzu/velero/pkg/cmd/util/output/output.go:218.10,219.63 1 0
github.com/vmware-tanzu/velero/pkg/cmd/util/output/output.go:222.18,224.3 1 0
github.com/vmware-tanzu/velero/pkg/cmd/util/output/output.go:228.16,230.3 1 0
github.com/vmware-tanzu/velero/pkg/cmd/util/output/output.go:233.16,235.3 1 0
github.com/vmware-tanzu/velero/pkg/cmd/util/output/output.go:242.71,251.2 3 0
github.com/vmware-tanzu/velero/pkg/cmd/util/output/restore_printer.go:42.63,45.28 2 0
github.com/vmware-tanzu/velero/pkg/cmd/util/output/restore_printer.go:48.2,48.13 1 0
github.com/vmware-tanzu/velero/pkg/cmd/util/output/restore_printer.go:45.28,47.3 1 0
github.com/vmware-tanzu/velero/pkg/cmd/util/output/restore_printer.go:51.58,57.18 3 0
github.com/vmware-tanzu/velero/pkg/cmd/util/output/restore_printer.go:61.2,73.31 2 0
github.com/vmware-tanzu/velero/pkg/cmd/util/output/restore_printer.go:57.18,59.3 1 0
github.com/vmware-tanzu/velero/pkg/cmd/util/output/schedule_printer.go:42.65,45.28 2 0
github.com/vmware-tanzu/velero/pkg/cmd/util/output/schedule_printer.go:48.2,48.13 1 0
github.com/vmware-tanzu/velero/pkg/cmd/util/output/schedule_printer.go:45.28,47.3 1 0
github.com/vmware-tanzu/velero/pkg/cmd/util/output/schedule_printer.go:51.61,57.18 3 0
github.com/vmware-tanzu/velero/pkg/cmd/util/output/schedule_printer.go:61.2,62.39 2 0
github.com/vmware-tanzu/velero/pkg/cmd/util/output/schedule_printer.go:66.2,76.31 2 0
github.com/vmware-tanzu/velero/pkg/cmd/util/output/schedule_printer.go:57.18,59.3 1 0
github.com/vmware-tanzu/velero/pkg/cmd/util/output/schedule_printer.go:62.39,64.3 1 0
github.com/vmware-tanzu/velero/pkg/cmd/util/output/volume_snapshot_location_printer.go:35.93,38.28 2 0
github.com/vmware-tanzu/velero/pkg/cmd/util/output/volume_snapshot_location_printer.go:41.2,41.13 1 0
github.com/vmware-tanzu/velero/pkg/cmd/util/output/volume_snapshot_location_printer.go:38.28,40.3 1 0
github.com/vmware-tanzu/velero/pkg/cmd/util/output/volume_snapshot_location_printer.go:44.89,55.2 3 0
github.com/vmware-tanzu/velero/pkg/cmd/util/output/backup_describer.go:53.10,54.37 1 0
github.com/vmware-tanzu/velero/pkg/cmd/util/output/backup_describer.go:54.37,59.18 4 0
github.com/vmware-tanzu/velero/pkg/cmd/util/output/backup_describer.go:62.3,63.16 2 0
github.com/vmware-tanzu/velero/pkg/cmd/util/output/backup_describer.go:73.3,74.124 2 0
github.com/vmware-tanzu/velero/pkg/cmd/util/output/backup_describer.go:78.3,81.39 3 0
github.com/vmware-tanzu/velero/pkg/cmd/util/output/backup_describer.go:89.3,99.30 8 0
github.com/vmware-tanzu/velero/pkg/cmd/util/output/backup_describer.go:104.3,104.53 1 0
github.com/vmware-tanzu/velero/pkg/cmd/util/output/backup_describer.go:109.3,109.32 1 0
github.com/vmware-tanzu/velero/pkg/cmd/util/output/backup_describer.go:59.18,61.4 1 0
github.com/vmware-tanzu/velero/pkg/cmd/util/output/backup_describer.go:64.119,65.46 1 0
github.com/vmware-tanzu/velero/pkg/cmd/util/output/backup_describer.go:66.41,67.48 1 0
github.com/vmware-tanzu/velero/pkg/cmd/util/output/backup_describer.go:68.40,68.40 0 0
github.com/vmware-tanzu/velero/pkg/cmd/util/output/backup_describer.go:69.42,69.42 0 0
github.com/vmware-tanzu/velero/pkg/cmd/util/output/backup_describer.go:70.35,70.35 0 0
github.com/vmware-tanzu/velero/pkg/cmd/util/output/backup_describer.go:74.124,76.4 1 0
github.com/vmware-tanzu/velero/pkg/cmd/util/output/backup_describer.go:81.39,84.47 3 0
github.com/vmware-tanzu/velero/pkg/cmd/util/output/backup_describer.go:84.47,86.5 1 0
github.com/vmware-tanzu/velero/pkg/cmd/util/output/backup_describer.go:99.30,102.4 2 0
github.com/vmware-tanzu/velero/pkg/cmd/util/output/backup_describer.go:104.53,107.4 2 0
github.com/vmware-tanzu/velero/pkg/cmd/util/output/backup_describer.go:109.32,112.4 2 0
github.com/vmware-tanzu/velero/pkg/cmd/util/output/backup_describer.go:118.68,122.39 3 0
github.com/vmware-tanzu/velero/pkg/cmd/util/output/backup_describer.go:127.2,128.39 2 0
github.com/vmware-tanzu/velero/pkg/cmd/util/output/backup_describer.go:133.2,137.38 4 0
github.com/vmware-tanzu/velero/pkg/cmd/util/output/backup_describer.go:142.2,143.38 2 0
github.com/vmware-tanzu/velero/pkg/cmd/util/output/backup_describer.go:148.2,154.31 5 0
github.com/vmware-tanzu/velero/pkg/cmd/util/output/backup_describer.go:157.2,169.36 9 0
github.com/vmware-tanzu/velero/pkg/cmd/util/output/backup_describer.go:237.2,237.34 1 0
github.com/vmware-tanzu/velero/pkg/cmd/util/output/backup_describer.go:122.39,124.3 1 0
github.com/vmware-tanzu/velero/pkg/cmd/util/output/backup_describer.go:124.8,126.3 1 0
github.com/vmware-tanzu/velero/pkg/cmd/util/output/backup_describer.go:128.39,130.3 1 0
github.com/vmware-tanzu/velero/pkg/cmd/util/output/backup_describer.go:130.8,132.3 1 0
github.com/vmware-tanzu/velero/pkg/cmd/util/output/backup_describer.go:137.38,139.3 1 0
github.com/vmware-tanzu/velero/pkg/cmd/util/output/backup_describer.go:139.8,141.3 1 0
github.com/vmware-tanzu/velero/pkg/cmd/util/output/backup_describer.go:143.38,145.3 1 0
github.com/vmware-tanzu/velero/pkg/cmd/util/output/backup_describer.go:145.8,147.3 1 0
github.com/vmware-tanzu/velero/pkg/cmd/util/output/backup_describer.go:154.31,156.3 1 0
github.com/vmware-tanzu/velero/pkg/cmd/util/output/backup_describer.go:169.36,171.3 1 0
github.com/vmware-tanzu/velero/pkg/cmd/util/output/backup_describer.go:171.8,174.63 3 0
github.com/vmware-tanzu/velero/pkg/cmd/util/output/backup_describer.go:174.63,178.41 4 0
github.com/vmware-tanzu/velero/pkg/cmd/util/output/backup_describer.go:183.4,184.41 2 0
github.com/vmware-tanzu/velero/pkg/cmd/util/output/backup_describer.go:189.4,193.40 4 0
github.com/vmware-tanzu/velero/pkg/cmd/util/output/backup_describer.go:198.4,199.40 2 0
github.com/vmware-tanzu/velero/pkg/cmd/util/output/backup_describer.go:204.4,208.51 4 0
github.com/vmware-tanzu/velero/pkg/cmd/util/output/backup_describer.go:211.4,213.57 2 0
github.com/vmware-tanzu/velero/pkg/cmd/util/output/backup_describer.go:224.4,224.58 1 0
github.com/vmware-tanzu/velero/pkg/cmd/util/output/backup_describer.go:178.41,180.5 1 0
github.com/vmware-tanzu/velero/pkg/cmd/util/output/backup_describer.go:180.10,182.5 1 0
github.com/vmware-tanzu/velero/pkg/cmd/util/output/backup_describer.go:184.41,186.5 1 0
github.com/vmware-tanzu/velero/pkg/cmd/util/output/backup_describer.go:186.10,188.5 1 0
github.com/vmware-tanzu/velero/pkg/cmd/util/output/backup_describer.go:193.40,195.5 1 0
github.com/vmware-tanzu/velero/pkg/cmd/util/output/backup_describer.go:195.10,197.5 1 0
github.com/vmware-tanzu/velero/pkg/cmd/util/output/backup_describer.go:199.40,201.5 1 0
github.com/vmware-tanzu/velero/pkg/cmd/util/output/backup_describer.go:201.10,203.5 1 0
github.com/vmware-tanzu/velero/pkg/cmd/util/output/backup_describer.go:208.51,210.5 1 0
github.com/vmware-tanzu/velero/pkg/cmd/util/output/backup_describer.go:213.57,214.25 1 0
github.com/vmware-tanzu/velero/pkg/cmd/util/output/backup_describer.go:214.25,221.6 6 0
github.com/vmware-tanzu/velero/pkg/cmd/util/output/backup_describer.go:224.58,225.25 1 0
github.com/vmware-tanzu/velero/pkg/cmd/util/output/backup_describer.go:225.25,232.6 6 0
github.com/vmware-tanzu/velero/pkg/cmd/util/output/backup_describer.go:237.34,240.49 3 0
github.com/vmware-tanzu/velero/pkg/cmd/util/output/backup_describer.go:240.49,242.4 1 0
github.com/vmware-tanzu/velero/pkg/cmd/util/output/backup_describer.go:248.211,256.73 4 0
github.com/vmware-tanzu/velero/pkg/cmd/util/output/backup_describer.go:261.2,261.83 1 0
github.com/vmware-tanzu/velero/pkg/cmd/util/output/backup_describer.go:267.2,274.35 4 0
github.com/vmware-tanzu/velero/pkg/cmd/util/output/backup_describer.go:286.2,286.13 1 0
github.com/vmware-tanzu/velero/pkg/cmd/util/output/backup_describer.go:291.2,291.41 1 0
github.com/vmware-tanzu/velero/pkg/cmd/util/output/backup_describer.go:316.2,316.56 1 0
github.com/vmware-tanzu/velero/pkg/cmd/util/output/backup_describer.go:256.73,258.3 1 0
github.com/vmware-tanzu/velero/pkg/cmd/util/output/backup_describer.go:258.8,260.3 1 0
github.com/vmware-tanzu/velero/pkg/cmd/util/output/backup_describer.go:261.83,263.3 1 0
github.com/vmware-tanzu/velero/pkg/cmd/util/output/backup_describer.go:263.8,265.3 1 0
github.com/vmware-tanzu/velero/pkg/cmd/util/output/backup_describer.go:274.35,275.63 1 0
github.com/vmware-tanzu/velero/pkg/cmd/util/output/backup_describer.go:283.3,283.14 1 0
github.com/vmware-tanzu/velero/pkg/cmd/util/output/backup_describer.go:275.63,278.4 2 0
github.com/vmware-tanzu/velero/pkg/cmd/util/output/backup_describer.go:278.9,281.4 2 0
github.com/vmware-tanzu/velero/pkg/cmd/util/output/backup_describer.go:286.13,289.3 2 0
github.com/vmware-tanzu/velero/pkg/cmd/util/output/backup_describer.go:291.41,292.15 1 0
github.com/vmware-tanzu/velero/pkg/cmd/util/output/backup_describer.go:297.3,298.211 2 0
github.com/vmware-tanzu/velero/pkg/cmd/util/output/backup_describer.go:303.3,304.65 2 0
github.com/vmware-tanzu/velero/pkg/cmd/util/output/backup_describer.go:309.3,310.34 2 0
github.com/vmware-tanzu/velero/pkg/cmd/util/output/backup_describer.go:313.3,313.9 1 0
github.com/vmware-tanzu/velero/pkg/cmd/util/output/backup_describer.go:292.15,295.4 2 0
github.com/vmware-tanzu/velero/pkg/cmd/util/output/backup_describer.go:298.211,301.4 2 0
github.com/vmware-tanzu/velero/pkg/cmd/util/output/backup_describer.go:304.65,307.4 2 0
github.com/vmware-tanzu/velero/pkg/cmd/util/output/backup_describer.go:310.34,312.4 1 0
github.com/vmware-tanzu/velero/pkg/cmd/util/output/backup_describer.go:319.169,321.207 2 0
github.com/vmware-tanzu/velero/pkg/cmd/util/output/backup_describer.go:335.2,336.67 2 0
github.com/vmware-tanzu/velero/pkg/cmd/util/output/backup_describer.go:341.2,345.32 3 0
github.com/vmware-tanzu/velero/pkg/cmd/util/output/backup_describer.go:348.2,350.27 2 0
github.com/vmware-tanzu/velero/pkg/cmd/util/output/backup_describer.go:321.207,322.41 1 0
github.com/vmware-tanzu/velero/pkg/cmd/util/output/backup_describer.go:332.3,332.9 1 0
github.com/vmware-tanzu/velero/pkg/cmd/util/output/backup_describer.go:322.41,329.4 1 0
github.com/vmware-tanzu/velero/pkg/cmd/util/output/backup_describer.go:329.9,331.4 1 0
github.com/vmware-tanzu/velero/pkg/cmd/util/output/backup_describer.go:336.67,339.3 2 0
github.com/vmware-tanzu/velero/pkg/cmd/util/output/backup_describer.go:345.32,347.3 1 0
github.com/vmware-tanzu/velero/pkg/cmd/util/output/backup_describer.go:350.27,352.3 1 0
github.com/vmware-tanzu/velero/pkg/cmd/util/output/backup_describer.go:355.99,361.17 6 0
github.com/vmware-tanzu/velero/pkg/cmd/util/output/backup_describer.go:364.2,364.41 1 0
github.com/vmware-tanzu/velero/pkg/cmd/util/output/backup_describer.go:361.17,363.3 1 0
github.com/vmware-tanzu/velero/pkg/cmd/util/output/backup_describer.go:368.93,370.55 2 0
github.com/vmware-tanzu/velero/pkg/cmd/util/output/backup_describer.go:373.2,376.31 3 0
github.com/vmware-tanzu/velero/pkg/cmd/util/output/backup_describer.go:370.55,372.3 1 0
github.com/vmware-tanzu/velero/pkg/cmd/util/output/backup_describer.go:376.31,377.15 1 0
github.com/vmware-tanzu/velero/pkg/cmd/util/output/backup_describer.go:383.3,384.33 2 0
github.com/vmware-tanzu/velero/pkg/cmd/util/output/backup_describer.go:377.15,379.4 1 0
github.com/vmware-tanzu/velero/pkg/cmd/util/output/backup_describer.go:379.9,381.4 1 0
github.com/vmware-tanzu/velero/pkg/cmd/util/output/backup_describer.go:384.33,386.42 2 0
github.com/vmware-tanzu/velero/pkg/cmd/util/output/backup_describer.go:386.42,388.5 1 0
github.com/vmware-tanzu/velero/pkg/cmd/util/output/backup_describer.go:393.74,395.31 2 0
github.com/vmware-tanzu/velero/pkg/cmd/util/output/backup_describer.go:400.2,400.14 1 0
[...]
github.com/vmware-tanzu/velero/pkg/controller/backup_storage_location_controller.go:96.83,102.3 2 1
github.com/vmware-tanzu/velero/pkg/controller/backup_storage_location_controller.go:104.9,107.16 3 1
github.com/vmware-tanzu/velero/pkg/controller/backup_storage_location_controller.go:125.3,126.17 2 1
github.com/vmware-tanzu/velero/pkg/controller/backup_storage_location_controller.go:131.3,133.17 3 1
github.com/vmware-tanzu/velero/pkg/controller/backup_storage_location_controller.go:139.3,139.36 1 1
github.com/vmware-tanzu/velero/pkg/controller/backup_storage_location_controller.go:107.16,109.18 2 1
github.com/vmware-tanzu/velero/pkg/controller/backup_storage_location_controller.go:120.4,120.87 1 1
github.com/vmware-tanzu/velero/pkg/controller/backup_storage_location_controller.go:109.18,115.5 5 1
github.com/vmware-tanzu/velero/pkg/controller/backup_storage_location_controller.go:115.10,119.5 3 1
github.com/vmware-tanzu/velero/pkg/controller/backup_storage_location_controller.go:120.87,122.5 1 0
github.com/vmware-tanzu/velero/pkg/controller/backup_storage_location_controller.go:126.17,129.4 2 0
github.com/vmware-tanzu/velero/pkg/controller/backup_storage_location_controller.go:133.17,136.4 2 1
github.com/vmware-tanzu/velero/pkg/controller/backup_storage_location_controller.go:147.148,153.46 5 1
github.com/vmware-tanzu/velero/pkg/controller/backup_storage_location_controller.go:165.2,169.58 4 1
github.com/vmware-tanzu/velero/pkg/controller/backup_storage_location_controller.go:179.2,179.19 1 1
github.com/vmware-tanzu/velero/pkg/controller/backup_storage_location_controller.go:153.46,155.16 2 1
github.com/vmware-tanzu/velero/pkg/controller/backup_storage_location_controller.go:156.56,157.65 1 1
github.com/vmware-tanzu/velero/pkg/controller/backup_storage_location_controller.go:158.58,159.69 1 0
github.com/vmware-tanzu/velero/pkg/controller/backup_storage_location_controller.go:160.11,161.61 1 1
github.com/vmware-tanzu/velero/pkg/controller/backup_storage_location_controller.go:169.58,170.20 1 1
github.com/vmware-tanzu/velero/pkg/controller/backup_storage_location_controller.go:170.20,172.4 1 0
github.com/vmware-tanzu/velero/pkg/controller/backup_storage_location_controller.go:172.9,174.4 1 1
github.com/vmware-tanzu/velero/pkg/controller/backup_storage_location_controller.go:175.8,175.31 1 1
github.com/vmware-tanzu/velero/pkg/controller/backup_storage_location_controller.go:175.31,177.3 1 0
github.com/vmware-tanzu/velero/pkg/controller/backup_storage_location_controller.go:179.19,181.3 1 0
github.com/vmware-tanzu/velero/pkg/controller/backup_storage_location_controller.go:184.84,191.35 1 0
github.com/vmware-tanzu/velero/pkg/controller/backup_storage_location_controller.go:196.2,200.14 1 0
github.com/vmware-tanzu/velero/pkg/controller/backup_storage_location_controller.go:191.35,194.4 2 0
github.com/vmware-tanzu/velero/pkg/controller/restore_controller.go:121.13,149.35 5 1
github.com/vmware-tanzu/velero/pkg/controller/restore_controller.go:173.2,173.10 1 1
github.com/vmware-tanzu/velero/pkg/controller/restore_controller.go:149.35,152.33 2 0
github.com/vmware-tanzu/velero/pkg/controller/restore_controller.go:163.5,164.19 2 0
github.com/vmware-tanzu/velero/pkg/controller/restore_controller.go:168.5,168.21 1 0
github.com/vmware-tanzu/velero/pkg/controller/restore_controller.go:153.34,153.34 0 0
github.com/vmware-tanzu/velero/pkg/controller/restore_controller.go:155.13,160.12 2 0
github.com/vmware-tanzu/velero/pkg/controller/restore_controller.go:164.19,167.6 2 0
github.com/vmware-tanzu/velero/pkg/controller/restore_controller.go:176.38,178.16 2 0
github.com/vmware-tanzu/velero/pkg/controller/restore_controller.go:178.16,180.3 1 0
github.com/vmware-tanzu/velero/pkg/controller/restore_controller.go:180.8,182.3 1 0
github.com/vmware-tanzu/velero/pkg/controller/restore_controller.go:185.64,190.16 4 1
github.com/vmware-tanzu/velero/pkg/controller/restore_controller.go:196.2,198.16 3 1
github.com/vmware-tanzu/velero/pkg/controller/restore_controller.go:209.2,209.30 1 1
github.com/vmware-tanzu/velero/pkg/controller/restore_controller.go:219.2,219.45 1 1
github.com/vmware-tanzu/velero/pkg/controller/restore_controller.go:190.16,194.3 2 1
github.com/vmware-tanzu/velero/pkg/controller/restore_controller.go:198.16,200.3 1 1
github.com/vmware-tanzu/velero/pkg/controller/restore_controller.go:210.31,210.31 0 1
github.com/vmware-tanzu/velero/pkg/controller/restore_controller.go:212.10,213.13 1 1
github.com/vmware-tanzu/velero/pkg/controller/restore_controller.go:222.72,242.46 7 1
github.com/vmware-tanzu/velero/pkg/controller/restore_controller.go:251.2,252.16 2 1
github.com/vmware-tanzu/velero/pkg/controller/restore_controller.go:258.2,261.62 3 1
github.com/vmware-tanzu/velero/pkg/controller/restore_controller.go:265.2,265.61 1 1
github.com/vmware-tanzu/velero/pkg/controller/restore_controller.go:280.2,282.75 3 1
github.com/vmware-tanzu/velero/pkg/controller/restore_controller.go:286.2,286.12 1 1
github.com/vmware-tanzu/velero/pkg/controller/restore_controller.go:242.46,245.3 2 1
github.com/vmware-tanzu/velero/pkg/controller/restore_controller.go:245.8,248.3 2 1
github.com/vmware-tanzu/velero/pkg/controller/restore_controller.go:252.16,256.3 1 0
github.com/vmware-tanzu/velero/pkg/controller/restore_controller.go:261.62,263.3 1 1
github.com/vmware-tanzu/velero/pkg/controller/restore_controller.go:265.61,270.3 4 1
github.com/vmware-tanzu/velero/pkg/controller/restore_controller.go:270.8,270.38 1 1
github.com/vmware-tanzu/velero/pkg/controller/restore_controller.go:270.38,274.3 3 1
github.com/vmware-tanzu/velero/pkg/controller/restore_controller.go:274.8,278.3 3 1
github.com/vmware-tanzu/velero/pkg/controller/restore_controller.go:282.75,284.3 1 0
github.com/vmware-tanzu/velero/pkg/controller/restore_controller.go:295.116,298.55 2 1
github.com/vmware-tanzu/velero/pkg/controller/restore_controller.go:305.2,306.63 2 1
github.com/vmware-tanzu/velero/pkg/controller/restore_controller.go:313.2,313.123 1 1
github.com/vmware-tanzu/velero/pkg/controller/restore_controller.go:318.2,318.125 1 1
github.com/vmware-tanzu/velero/pkg/controller/restore_controller.go:323.2,323.79 1 1
github.com/vmware-tanzu/velero/pkg/controller/restore_controller.go:328.2,328.41 1 1
github.com/vmware-tanzu/velero/pkg/controller/restore_controller.go:335.2,335.37 1 1
github.com/vmware-tanzu/velero/pkg/controller/restore_controller.go:357.2,358.16 2 1
github.com/vmware-tanzu/velero/pkg/controller/restore_controller.go:364.2,364.37 1 1
github.com/vmware-tanzu/velero/pkg/controller/restore_controller.go:368.2,368.13 1 1
github.com/vmware-tanzu/velero/pkg/controller/restore_controller.go:298.55,299.44 1 1
github.com/vmware-tanzu/velero/pkg/controller/restore_controller.go:299.44,301.4 1 0
github.com/vmware-tanzu/velero/pkg/controller/restore_controller.go:306.63,307.51 1 1
github.com/vmware-tanzu/velero/pkg/controller/restore_controller.go:307.51,309.4 1 1
github.com/vmware-tanzu/velero/pkg/controller/restore_controller.go:313.123,315.3 1 1
github.com/vmware-tanzu/velero/pkg/controller/restore_controller.go:318.125,320.3 1 1
github.com/vmware-tanzu/velero/pkg/controller/restore_controller.go:323.79,325.3 1 1
github.com/vmware-tanzu/velero/pkg/controller/restore_controller.go:328.41,331.3 2 1
github.com/vmware-tanzu/velero/pkg/controller/restore_controller.go:335.37,341.17 3 1
github.com/vmware-tanzu/velero/pkg/controller/restore_controller.go:345.3,345.24 1 1
github.com/vmware-tanzu/velero/pkg/controller/restore_controller.go:349.3,349.66 1 1
github.com/vmware-tanzu/velero/pkg/controller/restore_controller.go:341.17,344.4 2 0
github.com/vmware-tanzu/velero/pkg/controller/restore_controller.go:345.24,347.4 1 0
github.com/vmware-tanzu/velero/pkg/controller/restore_controller.go:349.66,351.4 1 1
github.com/vmware-tanzu/velero/pkg/controller/restore_controller.go:351.9,354.4 2 0
github.com/vmware-tanzu/velero/pkg/controller/restore_controller.go:358.16,361.3 2 1
github.com/vmware-tanzu/velero/pkg/controller/restore_controller.go:364.37,366.3 1 1
github.com/vmware-tanzu/velero/pkg/controller/restore_controller.go:373.59,374.70 1 1
github.com/vmware-tanzu/velero/pkg/controller/restore_controller.go:378.2,378.70 1 1
github.com/vmware-tanzu/velero/pkg/controller/restore_controller.go:382.2,382.13 1 1
github.com/vmware-tanzu/velero/pkg/controller/restore_controller.go:374.70,376.3 1 1
github.com/vmware-tanzu/velero/pkg/controller/restore_controller.go:378.70,380.3 1 1
github.com/vmware-tanzu/velero/pkg/controller/restore_controller.go:387.67,388.42 1 1
github.com/vmware-tanzu/velero/pkg/controller/restore_controller.go:401.2,401.33 1 1
github.com/vmware-tanzu/velero/pkg/controller/restore_controller.go:407.2,407.12 1 1
github.com/vmware-tanzu/velero/pkg/controller/restore_controller.go:388.42,392.46 2 1
github.com/vmware-tanzu/velero/pkg/controller/restore_controller.go:395.3,395.46 1 1
github.com/vmware-tanzu/velero/pkg/controller/restore_controller.go:398.3,398.38 1 1
github.com/vmware-tanzu/velero/pkg/controller/restore_controller.go:392.46,394.4 1 1
github.com/vmware-tanzu/velero/pkg/controller/restore_controller.go:395.46,397.4 1 1
github.com/vmware-tanzu/velero/pkg/controller/restore_controller.go:401.33,402.54 1 1
github.com/vmware-tanzu/velero/pkg/controller/restore_controller.go:402.54,404.4 1 1
github.com/vmware-tanzu/velero/pkg/controller/restore_controller.go:412.118,414.16 2 1
github.com/vmware-tanzu/velero/pkg/controller/restore_controller.go:418.2,422.27 2 1
github.com/vmware-tanzu/velero/pkg/controller/restore_controller.go:426.2,427.16 2 1
github.com/vmware-tanzu/velero/pkg/controller/restore_controller.go:431.2,435.8 1 1
github.com/vmware-tanzu/velero/pkg/controller/restore_controller.go:414.16,416.3 1 1
github.com/vmware-tanzu/velero/pkg/controller/restore_controller.go:422.27,424.3 1 0
github.com/vmware-tanzu/velero/pkg/controller/restore_controller.go:427.16,429.3 1 0
github.com/vmware-tanzu/velero/pkg/controller/restore_controller.go:442.94,446.16 2 1
github.com/vmware-tanzu/velero/pkg/controller/restore_controller.go:449.2,455.16 5 1
github.com/vmware-tanzu/velero/pkg/controller/restore_controller.go:458.2,461.16 3 1
github.com/vmware-tanzu/velero/pkg/controller/restore_controller.go:464.2,467.16 3 1
github.com/vmware-tanzu/velero/pkg/controller/restore_controller.go:470.2,475.16 4 1
github.com/vmware-tanzu/velero/pkg/controller/restore_controller.go:479.2,480.16 2 1
github.com/vmware-tanzu/velero/pkg/controller/restore_controller.go:484.2,487.43 3 1
github.com/vmware-tanzu/velero/pkg/controller/restore_controller.go:490.2,502.43 3 1
github.com/vmware-tanzu/velero/pkg/controller/restore_controller.go:505.2,505.44 1 1
github.com/vmware-tanzu/velero/pkg/controller/restore_controller.go:508.2,508.49 1 1
github.com/vmware-tanzu/velero/pkg/controller/restore_controller.go:513.2,513.45 1 1
github.com/vmware-tanzu/velero/pkg/controller/restore_controller.go:516.2,516.46 1 1
github.com/vmware-tanzu/velero/pkg/controller/restore_controller.go:519.2,519.51 1 1
github.com/vmware-tanzu/velero/pkg/controller/restore_controller.go:524.2,529.16 3 1
github.com/vmware-tanzu/velero/pkg/controller/restore_controller.go:533.2,533.61 1 1
github.com/vmware-tanzu/velero/pkg/controller/restore_controller.go:544.2,545.47 2 1
github.com/vmware-tanzu/velero/pkg/controller/restore_controller.go:549.2,550.45 2 1
github.com/vmware-tanzu/velero/pkg/controller/restore_controller.go:554.2,559.65 2 1
github.com/vmware-tanzu/velero/pkg/controller/restore_controller.go:563.2,563.12 1 1
github.com/vmware-tanzu/velero/pkg/controller/restore_controller.go:446.16,448.3 1 0
github.com/vmware-tanzu/velero/pkg/controller/restore_controller.go:455.16,457.3 1 0
github.com/vmware-tanzu/velero/pkg/controller/restore_controller.go:461.16,463.3 1 0
github.com/vmware-tanzu/velero/pkg/controller/restore_controller.go:467.16,469.3 1 1
github.com/vmware-tanzu/velero/pkg/controller/restore_controller.go:475.16,477.3 1 0
github.com/vmware-tanzu/velero/pkg/controller/restore_controller.go:480.16,482.3 1 0
github.com/vmware-tanzu/velero/pkg/controller/restore_controller.go:487.43,489.3 1 0
github.com/vmware-tanzu/velero/pkg/controller/restore_controller.go:502.43,504.3 1 0
github.com/vmware-tanzu/velero/pkg/controller/restore_controller.go:505.44,507.3 1 0
github.com/vmware-tanzu/velero/pkg/controller/restore_controller.go:508.49,509.28 1 1
github.com/vmware-tanzu/velero/pkg/controller/restore_controller.go:509.28,511.4 1 1
github.com/vmware-tanzu/velero/pkg/controller/restore_controller.go:513.45,515.3 1 0
github.com/vmware-tanzu/velero/pkg/controller/restore_controller.go:516.46,518.3 1 0
github.com/vmware-tanzu/velero/pkg/controller/restore_controller.go:519.51,520.28 1 0
github.com/vmware-tanzu/velero/pkg/controller/restore_controller.go:520.28,522.4 1 0
github.com/vmware-tanzu/velero/pkg/controller/restore_controller.go:529.16,531.3 1 0
github.com/vmware-tanzu/velero/pkg/controller/restore_controller.go:533.61,535.3 1 0
github.com/vmware-tanzu/velero/pkg/controller/restore_controller.go:535.8,536.106 1 1
github.com/vmware-tanzu/velero/pkg/controller/restore_controller.go:536.106,538.4 1 0
github.com/vmware-tanzu/velero/pkg/controller/restore_controller.go:545.47,547.3 1 0
github.com/vmware-tanzu/velero/pkg/controller/restore_controller.go:550.45,552.3 1 1
github.com/vmware-tanzu/velero/pkg/controller/restore_controller.go:559.65,561.3 1 0
github.com/vmware-tanzu/velero/pkg/controller/restore_controller.go:566.120,571.61 4 1
github.com/vmware-tanzu/velero/pkg/controller/restore_controller.go:575.2,575.36 1 1
github.com/vmware-tanzu/velero/pkg/controller/restore_controller.go:579.2,579.98 1 1
github.com/vmware-tanzu/velero/pkg/controller/restore_controller.go:583.2,583.12 1 1
github.com/vmware-tanzu/velero/pkg/controller/restore_controller.go:571.61,573.3 1 0
github.com/vmware-tanzu/velero/pkg/controller/restore_controller.go:575.36,577.3 1 0
github.com/vmware-tanzu/velero/pkg/controller/restore_controller.go:579.98,581.3 1 0
github.com/vmware-tanzu/velero/pkg/controller/restore_controller.go:586.126,588.16 2 1
github.com/vmware-tanzu/velero/pkg/controller/restore_controller.go:591.2,594.16 3 1
github.com/vmware-tanzu/velero/pkg/controller/restore_controller.go:598.2,599.16 2 1
github.com/vmware-tanzu/velero/pkg/controller/restore_controller.go:606.2,613.43 3 1
github.com/vmware-tanzu/velero/pkg/controller/restore_controller.go:618.2,618.18 1 1
github.com/vmware-tanzu/velero/pkg/controller/restore_controller.go:588.16,590.3 1 1
github.com/vmware-tanzu/velero/pkg/controller/restore_controller.go:594.16,596.3 1 0
github.com/vmware-tanzu/velero/pkg/controller/restore_controller.go:599.16,604.3 2 0
github.com/vmware-tanzu/velero/pkg/controller/restore_controller.go:613.43,616.3 2 0
github.com/vmware-tanzu/velero/pkg/controller/restore_controller.go:621.111,623.16 2 1
github.com/vmware-tanzu/velero/pkg/controller/restore_controller.go:627.2,628.16 2 1
github.com/vmware-tanzu/velero/pkg/controller/restore_controller.go:632.2,633.16 2 1
github.com/vmware-tanzu/velero/pkg/controller/restore_controller.go:637.2,638.16 2 1
github.com/vmware-tanzu/velero/pkg/controller/restore_controller.go:642.2,642.17 1 1
github.com/vmware-tanzu/velero/pkg/controller/restore_controller.go:623.16,625.3 1 0
github.com/vmware-tanzu/velero/pkg/controller/restore_controller.go:628.16,630.3 1 0
github.com/vmware-tanzu/velero/pkg/controller/restore_controller.go:633.16,635.3 1 0
github.com/vmware-tanzu/velero/pkg/controller/restore_controller.go:638.16,640.3 1 0
github.com/vmware-tanzu/velero/pkg/controller/restore_controller.go:651.118,653.16 2 1
github.com/vmware-tanzu/velero/pkg/controller/restore_controller.go:656.2,665.8 4 1
github.com/vmware-tanzu/velero/pkg/controller/restore_controller.go:653.16,655.3 1 0
github.com/vmware-tanzu/velero/pkg/controller/restore_controller.go:671.73,674.36 2 1
github.com/vmware-tanzu/velero/pkg/controller/restore_controller.go:678.2,678.45 1 1
github.com/vmware-tanzu/velero/pkg/controller/restore_controller.go:682.2,682.20 1 1
github.com/vmware-tanzu/velero/pkg/controller/restore_controller.go:674.36,676.3 1 0
github.com/vmware-tanzu/velero/pkg/controller/restore_controller.go:678.45,680.3 1 0
github.com/vmware-tanzu/velero/pkg/controller/restore_controller.go:688.64,690.2 1 1
github.com/vmware-tanzu/velero/pkg/controller/schedule_controller.go:57.23,65.2 1 1
github.com/vmware-tanzu/velero/pkg/controller/schedule_controller.go:67.71,73.2 2 0
github.com/vmware-tanzu/velero/pkg/controller/schedule_controller.go:79.100,84.65 4 1
github.com/vmware-tanzu/velero/pkg/controller/schedule_controller.go:92.2,94.58 1 1
github.com/vmware-tanzu/velero/pkg/controller/schedule_controller.go:99.2,108.19 5 1
github.com/vmware-tanzu/velero/pkg/controller/schedule_controller.go:116.2,116.43 1 1
github.com/vmware-tanzu/velero/pkg/controller/schedule_controller.go:122.2,122.60 1 1
github.com/vmware-tanzu/velero/pkg/controller/schedule_controller.go:128.2,128.73 1 1
github.com/vmware-tanzu/velero/pkg/controller/schedule_controller.go:132.2,132.27 1 1
github.com/vmware-tanzu/velero/pkg/controller/schedule_controller.go:84.65,85.32 1 1
github.com/vmware-tanzu/velero/pkg/controller/schedule_controller.go:89.3,89.85 1 0
github.com/vmware-tanzu/velero/pkg/controller/schedule_controller.go:85.32,88.4 2 1
github.com/vmware-tanzu/velero/pkg/controller/schedule_controller.go:94.58,97.3 2 1
github.com/vmware-tanzu/velero/pkg/controller/schedule_controller.go:108.19,111.3 2 1
github.com/vmware-tanzu/velero/pkg/controller/schedule_controller.go:111.8,113.3 1 1
github.com/vmware-tanzu/velero/pkg/controller/schedule_controller.go:116.43,117.76 1 1
github.com/vmware-tanzu/velero/pkg/controller/schedule_controller.go:117.76,119.4 1 0
github.com/vmware-tanzu/velero/pkg/controller/schedule_controller.go:122.60,125.3 2 1
github.com/vmware-tanzu/velero/pkg/controller/schedule_controller.go:128.73,130.3 1 0
github.com/vmware-tanzu/velero/pkg/controller/schedule_controller.go:135.101,140.33 3 1
github.com/vmware-tanzu/velero/pkg/controller/schedule_controller.go:145.2,149.9 2 1
github.com/vmware-tanzu/velero/pkg/controller/schedule_controller.go:168.2,168.31 1 1
github.com/vmware-tanzu/velero/pkg/controller/schedule_controller.go:172.2,172.22 1 1
github.com/vmware-tanzu/velero/pkg/controller/schedule_controller.go:140.33,143.3 2 1
github.com/vmware-tanzu/velero/pkg/controller/schedule_controller.go:149.9,150.16 1 1
github.com/vmware-tanzu/velero/pkg/controller/schedule_controller.go:160.3,160.68 1 1
github.com/vmware-tanzu/velero/pkg/controller/schedule_controller.go:150.16,151.32 1 1
github.com/vmware-tanzu/velero/pkg/controller/schedule_controller.go:151.32,157.5 2 0
github.com/vmware-tanzu/velero/pkg/controller/schedule_controller.go:160.68,163.4 2 0
github.com/vmware-tanzu/velero/pkg/controller/schedule_controller.go:163.9,165.4 1 1
github.com/vmware-tanzu/velero/pkg/controller/schedule_controller.go:168.31,170.3 1 0
github.com/vmware-tanzu/velero/pkg/controller/schedule_controller.go:175.128,182.12 2 1
github.com/vmware-tanzu/velero/pkg/controller/schedule_controller.go:193.2,195.46 3 1
github.com/vmware-tanzu/velero/pkg/controller/schedule_controller.go:199.2,202.71 3 1
github.com/vmware-tanzu/velero/pkg/controller/schedule_controller.go:206.2,206.12 1 1
github.com/vmware-tanzu/velero/pkg/controller/schedule_controller.go:182.12,185.3 2 0
github.com/vmware-tanzu/velero/pkg/controller/schedule_controller.go:195.46,197.3 1 0
github.com/vmware-tanzu/velero/pkg/controller/schedule_controller.go:202.71,204.3 1 0
github.com/vmware-tanzu/velero/pkg/controller/schedule_controller.go:209.112,211.39 2 1
github.com/vmware-tanzu/velero/pkg/controller/schedule_controller.go:217.2,219.45 2 1
github.com/vmware-tanzu/velero/pkg/controller/schedule_controller.go:211.39,213.3 1 1
github.com/vmware-tanzu/velero/pkg/controller/schedule_controller.go:213.8,215.3 1 1
github.com/vmware-tanzu/velero/pkg/controller/schedule_controller.go:222.79,230.2 3 1
